2024-12-28 00:36:39,538 - INFO - MongoDB baðlantýsý baþarýyla kuruldu.
2024-12-28 00:38:16,830 - INFO - MongoDB baðlantýsý baþarýyla kuruldu.
2024-12-28 00:38:17,314 - INFO - Kripto para fiyatlarý baþarýyla alýndý.
2024-12-28 00:38:18,061 - INFO - SUSHIUSDT price updated successfully: 1.419
2024-12-28 00:38:18,166 - INFO - ATOMUSDT price updated successfully: 6.494
2024-12-28 00:38:18,256 - INFO - BCHUSDT price updated successfully: 442.7
2024-12-28 00:38:18,354 - INFO - XLMUSDT price updated successfully: 0.3516
2024-12-28 00:38:18,445 - INFO - ETCUSDT price updated successfully: 26.08
2024-12-28 00:38:18,536 - INFO - BTCUSDT price updated successfully: 94623.19
2024-12-28 00:38:18,626 - INFO - LINKUSDT price updated successfully: 21.88
2024-12-28 00:38:18,718 - INFO - XRPUSDT price updated successfully: 2.1545
2024-12-28 00:38:18,826 - INFO - ADAUSDT price updated successfully: 0.8818
2024-12-28 00:38:18,915 - INFO - ETHUSDT price updated successfully: 3326.33
2024-12-28 00:38:19,009 - INFO - AVAXUSDT price updated successfully: 36.88
2024-12-28 00:38:19,107 - INFO - SHIBUSDT price updated successfully: 2e-05
2024-12-28 00:38:19,194 - INFO - BNBUSDT price updated successfully: 691.95
2024-12-28 00:38:19,285 - INFO - LTCUSDT price updated successfully: 102.03
2024-12-28 00:38:19,374 - INFO - ALGOUSDT price updated successfully: 0.3352
2024-12-28 00:38:19,465 - INFO - DOGEUSDT price updated successfully: 0.31248
2024-12-28 00:38:19,556 - INFO - SOLUSDT price updated successfully: 185.36
2024-12-28 00:38:19,646 - INFO - LUNAUSDT price updated successfully: 0.4437
2024-12-28 00:38:19,745 - INFO - PEPEUSDT price updated successfully: 2e-05
2024-12-28 00:38:19,844 - INFO - TRXUSDT price updated successfully: 0.2601
2024-12-28 00:38:21,992 - INFO - MongoDB baðlantýsý baþarýyla kuruldu.
2024-12-28 00:38:22,327 - INFO - Döviz fiyatlarý baþarýyla alýndý.
2024-12-28 00:38:23,186 - INFO - CHF price updated successfully: 39.21569
2024-12-28 00:38:23,306 - INFO - SAR price updated successfully: 9.3985
2024-12-28 00:38:23,425 - INFO - EUR price updated successfully: 36.7242
2024-12-28 00:38:23,548 - INFO - NOK price updated successfully: 3.09502
2024-12-28 00:38:23,666 - INFO - RUB price updated successfully: 0.35286
2024-12-28 00:38:23,777 - INFO - JPY price updated successfully: 0.22355
2024-12-28 00:38:23,888 - INFO - USD price updated successfully: 35.2485
2024-12-28 00:38:24,006 - INFO - CAD price updated successfully: 24.46782
2024-12-28 00:38:24,118 - INFO - GBP price updated successfully: 44.16961
2024-12-28 00:38:24,229 - INFO - INR price updated successfully: 0.41368
2024-12-28 00:42:19,884 - INFO - MongoDB baðlantýsý baþarýyla kuruldu.
2024-12-28 00:42:20,418 - INFO - Kripto para fiyatlarý baþarýyla alýndý.
2024-12-28 00:42:21,359 - INFO - Updated SUSHI with price 1.418
2024-12-28 00:42:21,501 - INFO - Updated ATOM with price 6.493
2024-12-28 00:42:21,629 - INFO - Updated BCH with price 442.3
2024-12-28 00:42:21,747 - INFO - Updated XLM with price 0.3508
2024-12-28 00:42:21,863 - INFO - Updated ETC with price 26.07
2024-12-28 00:42:21,990 - INFO - Updated BTC with price 94537.44
2024-12-28 00:42:22,104 - INFO - Updated LINK with price 21.86
2024-12-28 00:42:22,223 - INFO - Updated XRP with price 2.1545
2024-12-28 00:42:22,342 - INFO - Updated ADA with price 0.8814
2024-12-28 00:42:22,462 - INFO - Updated ETH with price 3325.33
2024-12-28 00:42:22,572 - INFO - Updated AVAX with price 36.84
2024-12-28 00:42:22,699 - INFO - Updated SHIB with price 2e-05
2024-12-28 00:42:22,824 - INFO - Updated BNB with price 691.81
2024-12-28 00:42:22,942 - INFO - Updated LTC with price 102.04
2024-12-28 00:42:23,060 - INFO - Updated ALGO with price 0.3351
2024-12-28 00:42:23,183 - INFO - Updated DOGE with price 0.31248
2024-12-28 00:42:23,293 - INFO - Updated SOL with price 185.5
2024-12-28 00:42:23,404 - INFO - Updated LUNA with price 0.443
2024-12-28 00:42:23,542 - INFO - Updated PEPE with price 2e-05
2024-12-28 00:42:23,670 - INFO - Updated TRX with price 0.2602
2024-12-28 00:45:14,540 - INFO - MongoDB baðlantýsý baþarýyla kuruldu.
2024-12-28 00:45:15,102 - INFO - Kripto para fiyatlarý baþarýyla alýndý.
2024-12-28 00:45:15,839 - INFO - Inserted ETHBTC with price 0.0352
2024-12-28 00:45:16,019 - INFO - Inserted LTCBTC with price 0.00108
2024-12-28 00:45:16,214 - INFO - Inserted BNBBTC with price 0.00732
2024-12-28 00:45:16,397 - INFO - Inserted NEOBTC with price 0.00015
2024-12-28 00:45:16,569 - INFO - Inserted QTUMETH with price 0.00094
2024-12-28 00:45:16,758 - INFO - Inserted EOSETH with price 0.00024
2024-12-28 00:45:16,950 - INFO - Inserted SNTETH with price 1e-05
2024-12-28 00:45:17,146 - INFO - Inserted BNTETH with price 0.0002
2024-12-28 00:45:17,328 - INFO - Inserted BCCBTC with price 0.0
2024-12-28 00:45:17,510 - INFO - Inserted GASBTC with price 5e-05
2024-12-28 00:45:17,689 - INFO - Inserted BNBETH with price 0.208
2024-12-28 00:45:17,869 - INFO - Updated BTC with price 94604.03
2024-12-28 00:45:18,049 - INFO - Updated ETH with price 3329.83
2024-12-28 00:45:18,229 - INFO - Inserted HSRBTC with price 0.0
2024-12-28 00:45:18,407 - INFO - Inserted OAXETH with price 0.0
2024-12-28 00:45:18,588 - INFO - Inserted DNTETH with price 0.0
2024-12-28 00:45:18,769 - INFO - Inserted MCOETH with price 0.0
2024-12-28 00:45:18,958 - INFO - Inserted ICNETH with price 0.0
2024-12-28 00:45:19,140 - INFO - Inserted MCOBTC with price 0.0
2024-12-28 00:45:19,317 - INFO - Inserted WTCBTC with price 0.0
2024-12-28 00:45:19,499 - INFO - Inserted WTCETH with price 0.0
2024-12-28 00:45:19,681 - INFO - Inserted LRCBTC with price 0.0
2024-12-28 00:45:19,858 - INFO - Inserted LRCETH with price 6e-05
2024-12-28 00:45:20,037 - INFO - Inserted QTUMBTC with price 3e-05
2024-12-28 00:45:20,229 - INFO - Inserted YOYOBTC with price 0.0
2024-12-28 00:45:20,409 - INFO - Inserted OMGBTC with price 3e-05
2024-12-28 00:45:20,616 - INFO - Inserted OMGETH with price 0.00079
2024-12-28 00:45:20,799 - INFO - Inserted ZRXBTC with price 1e-05
2024-12-28 00:45:20,988 - INFO - Inserted ZRXETH with price 0.0001
2024-12-28 00:45:21,169 - INFO - Inserted STRATBTC with price 0.0
2024-12-28 00:45:21,668 - INFO - Inserted STRATETH with price 0.0
2024-12-28 00:45:21,857 - INFO - Inserted SNGLSBTC with price 0.0
2024-12-28 00:45:22,038 - INFO - Inserted SNGLSETH with price 0.0
2024-12-28 00:45:22,218 - INFO - Inserted BQXBTC with price 0.0
2024-12-28 00:45:22,406 - INFO - Inserted BQXETH with price 0.0
2024-12-28 00:45:22,586 - INFO - Inserted KNCBTC with price 1e-05
2024-12-28 00:45:22,819 - INFO - Inserted KNCETH with price 0.00039
2024-12-28 00:45:23,058 - INFO - Inserted FUNBTC with price 0.0
2024-12-28 00:45:23,298 - INFO - Inserted FUNETH with price 0.0
2024-12-28 00:45:23,538 - INFO - Inserted SNMBTC with price 0.0
2024-12-28 00:45:23,787 - INFO - Inserted SNMETH with price 0.0
2024-12-28 00:45:24,019 - INFO - Inserted NEOETH with price 0.00477
2024-12-28 00:45:24,267 - INFO - Inserted IOTABTC with price 0.0
2024-12-28 00:45:24,498 - INFO - Inserted IOTAETH with price 9e-05
2024-12-28 00:45:24,708 - INFO - Inserted LINKBTC with price 0.00023
2024-12-28 00:45:24,727 - INFO - MongoDB baðlantýsý baþarýyla kuruldu.
2024-12-28 00:45:24,946 - INFO - Inserted LINKETH with price 0.00658
2024-12-28 00:45:25,138 - INFO - Inserted XVGBTC with price 0.0
2024-12-28 00:45:25,310 - INFO - Kripto para fiyatlarý baþarýyla alýndý.
2024-12-28 00:45:25,500 - INFO - Inserted XVGETH with price 0.0
2024-12-28 00:45:25,686 - INFO - Inserted SALTBTC with price 0.0
2024-12-28 00:45:25,880 - INFO - Inserted SALTETH with price 0.0
2024-12-28 00:45:26,069 - INFO - Inserted MDABTC with price 0.0
2024-12-28 00:45:26,168 - INFO - Updated ETHBTC with price 0.0352
2024-12-28 00:45:26,249 - INFO - Inserted MDAETH with price 0.0
2024-12-28 00:45:26,389 - INFO - Updated LTCBTC with price 0.00108
2024-12-28 00:45:26,429 - INFO - Inserted MTLBTC with price 1e-05
2024-12-28 00:45:26,624 - INFO - Inserted MTLETH with price 0.00068
2024-12-28 00:45:26,637 - INFO - Updated BNBBTC with price 0.00732
2024-12-28 00:45:26,808 - INFO - Inserted SUBBTC with price 0.0
2024-12-28 00:45:26,859 - INFO - Updated NEOBTC with price 0.00015
2024-12-28 00:45:26,998 - INFO - Inserted SUBETH with price 0.0
2024-12-28 00:45:27,090 - INFO - Updated QTUMETH with price 0.00094
2024-12-28 00:45:27,186 - INFO - Inserted EOSBTC with price 1e-05
2024-12-28 00:45:27,328 - INFO - Updated EOSETH with price 0.00024
2024-12-28 00:45:27,402 - INFO - Inserted SNTBTC with price 0.0
2024-12-28 00:45:27,556 - INFO - Updated SNTETH with price 1e-05
2024-12-28 00:45:27,599 - INFO - Inserted ETCETH with price 0.00783
2024-12-28 00:45:27,778 - INFO - Inserted ETCBTC with price 0.00028
2024-12-28 00:45:27,799 - INFO - Updated BNTETH with price 0.0002
2024-12-28 00:45:27,968 - INFO - Inserted MTHBTC with price 0.0
2024-12-28 00:45:28,026 - INFO - Updated BCCBTC with price 0.0
2024-12-28 00:45:28,148 - INFO - Inserted MTHETH with price 0.0
2024-12-28 00:45:28,256 - INFO - Updated GASBTC with price 5e-05
2024-12-28 00:45:28,719 - INFO - Inserted ENGBTC with price 0.0
2024-12-28 00:45:28,849 - INFO - Updated BNBETH with price 0.208
2024-12-28 00:45:28,908 - INFO - Inserted ENGETH with price 0.0
2024-12-28 00:45:29,088 - INFO - Inserted DNTBTC with price 0.0
2024-12-28 00:45:29,088 - INFO - Updated BTC with price 94595.93
2024-12-28 00:45:29,267 - INFO - Inserted ZECBTC with price 0.00066
2024-12-28 00:45:29,309 - INFO - Updated ETH with price 3329.27
2024-12-28 00:45:29,456 - INFO - Inserted ZECETH with price 0.01872
2024-12-28 00:45:29,538 - INFO - Updated HSRBTC with price 0.0
2024-12-28 00:45:29,629 - INFO - Inserted BNTBTC with price 1e-05
2024-12-28 00:45:29,759 - INFO - Updated OAXETH with price 0.0
2024-12-28 00:45:29,800 - INFO - Inserted ASTBTC with price 0.0
2024-12-28 00:45:29,987 - INFO - Updated DNTETH with price 0.0
2024-12-28 00:45:29,989 - INFO - Inserted ASTETH with price 0.0
2024-12-28 00:45:30,171 - INFO - Inserted DASHBTC with price 0.00042
2024-12-28 00:45:30,201 - INFO - Updated MCOETH with price 0.0
2024-12-28 00:45:30,369 - INFO - Inserted DASHETH with price 0.01194
2024-12-28 00:45:30,427 - INFO - Updated ICNETH with price 0.0
2024-12-28 00:45:30,548 - INFO - Inserted OAXBTC with price 0.0
2024-12-28 00:45:30,659 - INFO - Updated MCOBTC with price 0.0
2024-12-28 00:45:30,729 - INFO - Inserted ICNBTC with price 0.0
2024-12-28 00:45:30,869 - INFO - Updated WTCBTC with price 0.0
2024-12-28 00:45:30,912 - INFO - Inserted BTGBTC with price 0.00091
2024-12-28 00:45:31,089 - INFO - Updated WTCETH with price 0.0
2024-12-28 00:45:31,099 - INFO - Inserted BTGETH with price 0.0
2024-12-28 00:45:31,280 - INFO - Inserted EVXBTC with price 0.0
2024-12-28 00:45:31,304 - INFO - Updated LRCBTC with price 0.0
2024-12-28 00:45:31,461 - INFO - Inserted EVXETH with price 0.0
2024-12-28 00:45:31,528 - INFO - Updated LRCETH with price 6e-05
2024-12-28 00:45:31,649 - INFO - Inserted REQBTC with price 0.0
2024-12-28 00:45:31,759 - INFO - Updated QTUMBTC with price 3e-05
2024-12-28 00:45:31,830 - INFO - Inserted REQETH with price 0.0
2024-12-28 00:45:31,981 - INFO - Updated YOYOBTC with price 0.0
2024-12-28 00:45:31,999 - INFO - Inserted VIBBTC with price 0.0
2024-12-28 00:45:32,181 - INFO - Inserted VIBETH with price 3e-05
2024-12-28 00:45:32,200 - INFO - Updated OMGBTC with price 3e-05
2024-12-28 00:45:32,368 - INFO - Inserted HSRETH with price 0.0
2024-12-28 00:45:32,436 - INFO - Updated OMGETH with price 0.00079
2024-12-28 00:45:32,557 - INFO - Inserted TRXBTC with price 0.0
2024-12-28 00:45:32,668 - INFO - Updated ZRXBTC with price 1e-05
2024-12-28 00:45:32,738 - INFO - Inserted TRXETH with price 8e-05
2024-12-28 00:45:32,939 - INFO - Updated ZRXETH with price 0.0001
2024-12-28 00:45:32,978 - INFO - Inserted POWRBTC with price 0.0
2024-12-28 00:45:33,178 - INFO - Inserted POWRETH with price 7e-05
2024-12-28 00:45:33,201 - INFO - Updated STRATBTC with price 0.0
2024-12-28 00:45:33,418 - INFO - Inserted ARKBTC with price 2e-05
2024-12-28 00:45:33,458 - INFO - Updated STRATETH with price 0.0
2024-12-28 00:45:33,658 - INFO - Inserted ARKETH with price 0.0
2024-12-28 00:45:33,714 - INFO - Updated SNGLSBTC with price 0.0
2024-12-28 00:45:33,881 - INFO - Inserted YOYOETH with price 0.0
2024-12-28 00:45:33,977 - INFO - Updated SNGLSETH with price 0.0
2024-12-28 00:45:34,098 - INFO - Inserted XRPBTC with price 2e-05
2024-12-28 00:45:34,241 - INFO - Updated BQXBTC with price 0.0
2024-12-28 00:45:34,337 - INFO - Inserted XRPETH with price 0.00065
2024-12-28 00:45:34,497 - INFO - Updated BQXETH with price 0.0
2024-12-28 00:45:34,553 - INFO - Inserted MODBTC with price 0.0
2024-12-28 00:45:34,778 - INFO - Updated KNCBTC with price 1e-05
2024-12-28 00:45:34,780 - INFO - Inserted MODETH with price 0.0
2024-12-28 00:45:35,028 - INFO - Inserted ENJBTC with price 0.0
2024-12-28 00:45:35,028 - INFO - Updated KNCETH with price 0.00039
2024-12-28 00:45:35,226 - INFO - Inserted ENJETH with price 7e-05
2024-12-28 00:45:35,280 - INFO - Updated FUNBTC with price 0.0
2024-12-28 00:45:35,416 - INFO - Inserted STORJBTC with price 0.0
2024-12-28 00:45:35,502 - INFO - Updated FUNETH with price 0.0
2024-12-28 00:45:35,609 - INFO - Inserted STORJETH with price 0.0
2024-12-28 00:45:35,743 - INFO - Updated SNMBTC with price 0.0
2024-12-28 00:45:35,807 - INFO - Updated BNB with price 692.4
2024-12-28 00:45:35,970 - INFO - Updated SNMETH with price 0.0
2024-12-28 00:45:35,987 - INFO - Inserted VENBNB with price 0.0
2024-12-28 00:45:36,177 - INFO - Inserted YOYOBNB with price 0.0
2024-12-28 00:45:36,197 - INFO - Updated NEOETH with price 0.00477
2024-12-28 00:45:36,349 - INFO - Inserted POWRBNB with price 0.0
2024-12-28 00:45:36,420 - INFO - Updated IOTABTC with price 0.0
2024-12-28 00:45:36,535 - INFO - Inserted VENBTC with price 0.0
2024-12-28 00:45:36,648 - INFO - Updated IOTAETH with price 9e-05
2024-12-28 00:45:36,718 - INFO - Inserted VENETH with price 0.0
2024-12-28 00:45:36,868 - INFO - Updated LINKBTC with price 0.00023
2024-12-28 00:45:36,898 - INFO - Inserted KMDBTC with price 0.0
2024-12-28 00:45:37,068 - INFO - Inserted KMDETH with price 0.0
2024-12-28 00:45:37,089 - INFO - Updated LINKETH with price 0.00658
2024-12-28 00:45:37,257 - INFO - Inserted NULSBNB with price 0.0
2024-12-28 00:45:37,300 - INFO - Updated XVGBTC with price 0.0
2024-12-28 00:45:37,448 - INFO - Inserted RCNBTC with price 0.0
2024-12-28 00:45:37,519 - INFO - Updated XVGETH with price 0.0
2024-12-28 00:45:37,628 - INFO - Inserted RCNETH with price 0.0
2024-12-28 00:45:37,741 - INFO - Updated SALTBTC with price 0.0
2024-12-28 00:45:37,807 - INFO - Inserted RCNBNB with price 0.0
2024-12-28 00:45:37,996 - INFO - Inserted NULSBTC with price 0.0
2024-12-28 00:45:37,996 - INFO - Updated SALTETH with price 0.0
2024-12-28 00:45:38,177 - INFO - Inserted NULSETH with price 0.0
2024-12-28 00:45:38,219 - INFO - Updated MDABTC with price 0.0
2024-12-28 00:45:38,358 - INFO - Inserted RDNBTC with price 0.0
2024-12-28 00:45:38,438 - INFO - Updated MDAETH with price 0.0
2024-12-28 00:45:38,528 - INFO - Inserted RDNETH with price 0.0
2024-12-28 00:45:38,660 - INFO - Updated MTLBTC with price 1e-05
2024-12-28 00:45:38,715 - INFO - Inserted RDNBNB with price 0.0
2024-12-28 00:45:38,881 - INFO - Updated MTLETH with price 0.00068
2024-12-28 00:45:38,898 - INFO - Inserted XMRBTC with price 0.00229
2024-12-28 00:45:39,084 - INFO - Inserted XMRETH with price 0.04032
2024-12-28 00:45:39,107 - INFO - Updated SUBBTC with price 0.0
2024-12-28 00:45:39,276 - INFO - Inserted DLTBNB with price 0.0
2024-12-28 00:45:39,329 - INFO - Updated SUBETH with price 0.0
2024-12-28 00:45:39,447 - INFO - Inserted WTCBNB with price 0.0
2024-12-28 00:45:39,567 - INFO - Updated EOSBTC with price 1e-05
2024-12-28 00:45:39,646 - INFO - Inserted DLTBTC with price 0.0
2024-12-28 00:45:39,788 - INFO - Updated SNTBTC with price 0.0
2024-12-28 00:45:39,817 - INFO - Inserted DLTETH with price 0.0
2024-12-28 00:45:40,005 - INFO - Inserted AMBBTC with price 0.0
2024-12-28 00:45:40,017 - INFO - Updated ETCETH with price 0.00783
2024-12-28 00:45:40,195 - INFO - Inserted AMBETH with price 0.0
2024-12-28 00:45:40,226 - INFO - Updated ETCBTC with price 0.00028
2024-12-28 00:45:40,378 - INFO - Inserted AMBBNB with price 0.0
2024-12-28 00:45:40,438 - INFO - Updated MTHBTC with price 0.0
2024-12-28 00:45:40,558 - INFO - Inserted BCCETH with price 0.0
2024-12-28 00:45:40,666 - INFO - Updated MTHETH with price 0.0
2024-12-28 00:45:40,738 - INFO - Inserted BCC with price 0.0
2024-12-28 00:45:40,890 - INFO - Updated ENGBTC with price 0.0
2024-12-28 00:45:40,938 - INFO - Inserted BCCBNB with price 0.0
2024-12-28 00:45:41,118 - INFO - Inserted BATBTC with price 0.0
2024-12-28 00:45:41,118 - INFO - Updated ENGETH with price 0.0
2024-12-28 00:45:41,299 - INFO - Inserted BATETH with price 0.00011
2024-12-28 00:45:41,339 - INFO - Updated DNTBTC with price 0.0
2024-12-28 00:45:41,478 - INFO - Inserted BATBNB with price 0.0
2024-12-28 00:45:41,558 - INFO - Updated ZECBTC with price 0.00066
2024-12-28 00:45:41,658 - INFO - Inserted BCPTBTC with price 0.0
2024-12-28 00:45:41,789 - INFO - Updated ZECETH with price 0.01872
2024-12-28 00:45:41,838 - INFO - Inserted BCPTETH with price 0.0
2024-12-28 00:45:42,009 - INFO - Updated BNTBTC with price 1e-05
2024-12-28 00:45:42,018 - INFO - Inserted BCPTBNB with price 0.0
2024-12-28 00:45:42,206 - INFO - Inserted ARNBTC with price 0.0
2024-12-28 00:45:42,229 - INFO - Updated ASTBTC with price 0.0
2024-12-28 00:45:42,389 - INFO - Inserted ARNETH with price 0.0
2024-12-28 00:45:42,440 - INFO - Updated ASTETH with price 0.0
2024-12-28 00:45:42,567 - INFO - Inserted GVTBTC with price 0.0
2024-12-28 00:45:42,659 - INFO - Updated DASHBTC with price 0.00042
2024-12-28 00:45:42,738 - INFO - Inserted GVTETH with price 0.0
2024-12-28 00:45:42,938 - INFO - Updated DASHETH with price 0.01194
2024-12-28 00:45:42,962 - INFO - Inserted CDTBTC with price 0.0
2024-12-28 00:45:43,178 - INFO - Inserted CDTETH with price 0.0
2024-12-28 00:45:43,179 - INFO - Updated OAXBTC with price 0.0
2024-12-28 00:45:43,417 - INFO - Inserted GXSBTC with price 0.0
2024-12-28 00:45:43,419 - INFO - Updated ICNBTC with price 0.0
2024-12-28 00:45:43,658 - INFO - Inserted GXSETH with price 0.0
2024-12-28 00:45:43,681 - INFO - Updated BTGBTC with price 0.00091
2024-12-28 00:45:43,867 - INFO - Inserted NEO with price 14.03
2024-12-28 00:45:43,914 - INFO - Updated BTGETH with price 0.0
2024-12-28 00:45:44,047 - INFO - Inserted NEOBNB with price 0.03836
2024-12-28 00:45:44,147 - INFO - Updated EVXBTC with price 0.0
2024-12-28 00:45:44,228 - INFO - Inserted POEBTC with price 0.0
2024-12-28 00:45:44,359 - INFO - Updated EVXETH with price 0.0
2024-12-28 00:45:44,407 - INFO - Inserted POEETH with price 0.0
2024-12-28 00:45:44,579 - INFO - Updated REQBTC with price 0.0
2024-12-28 00:45:44,586 - INFO - Inserted QSPBTC with price 0.0
2024-12-28 00:45:44,757 - INFO - Inserted QSPETH with price 0.0
2024-12-28 00:45:44,801 - INFO - Updated REQETH with price 0.0
2024-12-28 00:45:44,920 - INFO - Inserted QSPBNB with price 0.0
2024-12-28 00:45:45,027 - INFO - Updated VIBBTC with price 0.0
2024-12-28 00:45:45,087 - INFO - Inserted BTSBTC with price 0.0
2024-12-28 00:45:45,248 - INFO - Updated VIBETH with price 3e-05
2024-12-28 00:45:45,286 - INFO - Inserted BTSETH with price 0.0
2024-12-28 00:45:45,458 - INFO - Inserted BTSBNB with price 0.0
2024-12-28 00:45:45,460 - INFO - Updated HSRETH with price 0.0
2024-12-28 00:45:45,638 - INFO - Inserted XZCBTC with price 0.0
2024-12-28 00:45:45,679 - INFO - Updated TRXBTC with price 0.0
2024-12-28 00:45:45,817 - INFO - Inserted XZCETH with price 0.0
2024-12-28 00:45:45,908 - INFO - Updated TRXETH with price 8e-05
2024-12-28 00:45:45,999 - INFO - Inserted XZCBNB with price 0.0
2024-12-28 00:45:46,137 - INFO - Updated POWRBTC with price 0.0
2024-12-28 00:45:46,177 - INFO - Inserted LSKBTC with price 1e-05
2024-12-28 00:45:46,365 - INFO - Inserted LSKETH with price 0.00034
2024-12-28 00:45:46,386 - INFO - Updated POWRETH with price 7e-05
2024-12-28 00:45:46,548 - INFO - Inserted LSKBNB with price 0.0
2024-12-28 00:45:46,624 - INFO - Updated ARKBTC with price 2e-05
2024-12-28 00:45:46,747 - INFO - Inserted TNTBTC with price 0.0
2024-12-28 00:45:46,849 - INFO - Updated ARKETH with price 0.0
2024-12-28 00:45:46,934 - INFO - Inserted TNTETH with price 0.0
2024-12-28 00:45:47,069 - INFO - Updated YOYOETH with price 0.0
2024-12-28 00:45:47,116 - INFO - Inserted FUELBTC with price 0.0
2024-12-28 00:45:47,329 - INFO - Inserted FUELETH with price 0.0
2024-12-28 00:45:47,349 - INFO - Updated XRPBTC with price 2e-05
2024-12-28 00:45:47,498 - INFO - Inserted MANABTC with price 1e-05
2024-12-28 00:45:47,568 - INFO - Updated XRPETH with price 0.00065
2024-12-28 00:45:47,685 - INFO - Inserted MANAETH with price 0.00015
2024-12-28 00:45:47,787 - INFO - Updated MODBTC with price 0.0
2024-12-28 00:45:47,856 - INFO - Inserted BCDBTC with price 0.0
2024-12-28 00:45:48,019 - INFO - Updated MODETH with price 0.0
2024-12-28 00:45:48,041 - INFO - Inserted BCDETH with price 0.0
2024-12-28 00:45:48,218 - INFO - Inserted DGDBTC with price 0.0
2024-12-28 00:45:48,237 - INFO - Updated ENJBTC with price 0.0
2024-12-28 00:45:48,407 - INFO - Inserted DGDETH with price 0.0
2024-12-28 00:45:48,458 - INFO - Updated ENJETH with price 7e-05
2024-12-28 00:45:48,590 - INFO - Inserted IOTABNB with price 0.00072
2024-12-28 00:45:48,677 - INFO - Updated STORJBTC with price 0.0
2024-12-28 00:45:48,775 - INFO - Inserted ADXBTC with price 0.0
2024-12-28 00:45:48,892 - INFO - Updated STORJETH with price 0.0
2024-12-28 00:45:48,960 - INFO - Inserted ADXETH with price 7e-05
2024-12-28 00:45:49,117 - INFO - Updated BNB with price 692.34
2024-12-28 00:45:49,138 - INFO - Inserted ADXBNB with price 0.0
2024-12-28 00:45:49,318 - INFO - Inserted ADABTC with price 1e-05
2024-12-28 00:45:49,339 - INFO - Updated VENBNB with price 0.0
2024-12-28 00:45:49,497 - INFO - Inserted ADAETH with price 0.00026
2024-12-28 00:45:49,548 - INFO - Updated YOYOBNB with price 0.0
2024-12-28 00:45:49,687 - INFO - Inserted PPTBTC with price 0.0
2024-12-28 00:45:49,768 - INFO - Updated POWRBNB with price 0.0
2024-12-28 00:45:49,849 - INFO - Inserted PPTETH with price 0.0
2024-12-28 00:45:49,986 - INFO - Updated VENBTC with price 0.0
2024-12-28 00:45:50,017 - INFO - Inserted CMTBTC with price 0.0
2024-12-28 00:45:50,196 - INFO - Inserted CMTETH with price 0.0
2024-12-28 00:45:50,218 - INFO - Updated VENETH with price 0.0
2024-12-28 00:45:50,379 - INFO - Inserted CMTBNB with price 0.0
2024-12-28 00:45:50,438 - INFO - Updated KMDBTC with price 0.0
2024-12-28 00:45:50,558 - INFO - Inserted XLMBTC with price 0.0
2024-12-28 00:45:50,661 - INFO - Updated KMDETH with price 0.0
2024-12-28 00:45:50,738 - INFO - Inserted XLMETH with price 0.00011
2024-12-28 00:45:50,880 - INFO - Updated NULSBNB with price 0.0
2024-12-28 00:45:50,925 - INFO - Inserted XLMBNB with price 0.0003
2024-12-28 00:45:51,099 - INFO - Updated RCNBTC with price 0.0
2024-12-28 00:45:51,108 - INFO - Inserted CNDBTC with price 0.0
2024-12-28 00:45:51,286 - INFO - Inserted CNDETH with price 0.0
2024-12-28 00:45:51,308 - INFO - Updated RCNETH with price 0.0
2024-12-28 00:45:51,465 - INFO - Inserted CNDBNB with price 0.0
2024-12-28 00:45:51,529 - INFO - Updated RCNBNB with price 0.0
2024-12-28 00:45:51,637 - INFO - Inserted LENDBTC with price 0.0
2024-12-28 00:45:51,766 - INFO - Updated NULSBTC with price 0.0
2024-12-28 00:45:51,838 - INFO - Inserted LENDETH with price 0.0
2024-12-28 00:45:51,979 - INFO - Updated NULSETH with price 0.0
2024-12-28 00:45:52,042 - INFO - Inserted WABIBTC with price 0.0
2024-12-28 00:45:52,198 - INFO - Updated RDNBTC with price 0.0
2024-12-28 00:45:52,227 - INFO - Inserted WABIETH with price 0.0
2024-12-28 00:45:52,398 - INFO - Inserted WABIBNB with price 0.0
2024-12-28 00:45:52,420 - INFO - Updated RDNETH with price 0.0
2024-12-28 00:45:52,588 - INFO - Inserted LTCETH with price 0.03068
2024-12-28 00:45:52,639 - INFO - Updated RDNBNB with price 0.0
2024-12-28 00:45:52,817 - INFO - Updated LTC with price 102.22
2024-12-28 00:45:52,897 - INFO - Updated XMRBTC with price 0.00229
2024-12-28 00:45:53,057 - INFO - Inserted LTCBNB with price 0.1474
2024-12-28 00:45:53,177 - INFO - Updated XMRETH with price 0.04032
2024-12-28 00:45:53,299 - INFO - Inserted TNBBTC with price 0.0
2024-12-28 00:45:53,419 - INFO - Updated DLTBNB with price 0.0
2024-12-28 00:45:53,538 - INFO - Inserted TNBETH with price 0.0
2024-12-28 00:45:53,658 - INFO - Updated WTCBNB with price 0.0
2024-12-28 00:45:53,777 - INFO - Inserted WAVESBTC with price 2e-05
2024-12-28 00:45:53,898 - INFO - Updated DLTBTC with price 0.0
2024-12-28 00:45:53,988 - INFO - Inserted WAVESETH with price 0.0003
2024-12-28 00:45:54,180 - INFO - Updated DLTETH with price 0.0
2024-12-28 00:45:54,257 - INFO - Inserted WAVESBNB with price 0.00513
2024-12-28 00:45:54,465 - INFO - Updated AMBBTC with price 0.0
2024-12-28 00:45:54,497 - INFO - Inserted GTOBTC with price 0.0
2024-12-28 00:45:54,714 - INFO - Inserted GTOETH with price 0.0
2024-12-28 00:45:54,897 - INFO - Updated AMBETH with price 0.0
2024-12-28 00:45:54,988 - INFO - Inserted GTOBNB with price 0.0
2024-12-28 00:45:55,126 - INFO - Updated AMBBNB with price 0.0
2024-12-28 00:45:55,166 - INFO - Inserted ICXBTC with price 0.0
2024-12-28 00:45:55,344 - INFO - Inserted ICXETH with price 0.00012
2024-12-28 00:45:55,357 - INFO - Updated BCCETH with price 0.0
2024-12-28 00:45:55,528 - INFO - Inserted ICXBNB with price 0.0
2024-12-28 00:45:55,578 - INFO - Updated BCC with price 0.0
2024-12-28 00:45:55,708 - INFO - Inserted OSTBTC with price 0.0
2024-12-28 00:45:55,817 - INFO - Updated BCCBNB with price 0.0
2024-12-28 00:45:55,887 - INFO - Inserted OSTETH with price 0.0
2024-12-28 00:45:56,057 - INFO - Updated BATBTC with price 0.0
2024-12-28 00:45:56,087 - INFO - Inserted OSTBNB with price 0.0
2024-12-28 00:45:56,260 - INFO - Inserted ELFBTC with price 0.0
2024-12-28 00:45:56,286 - INFO - Updated BATETH with price 0.00011
2024-12-28 00:45:56,438 - INFO - Inserted ELFETH with price 0.00013
2024-12-28 00:45:56,545 - INFO - Updated BATBNB with price 0.0
2024-12-28 00:45:56,617 - INFO - Inserted AIONBTC with price 0.0
2024-12-28 00:45:56,769 - INFO - Updated BCPTBTC with price 0.0
2024-12-28 00:45:56,797 - INFO - Inserted AIONETH with price 0.0
2024-12-28 00:45:56,987 - INFO - Inserted AIONBNB with price 0.0
2024-12-28 00:45:56,988 - INFO - Updated BCPTETH with price 0.0
2024-12-28 00:45:57,168 - INFO - Inserted NEBLBTC with price 1e-05
2024-12-28 00:45:57,208 - INFO - Updated BCPTBNB with price 0.0
2024-12-28 00:45:57,347 - INFO - Inserted NEBLBNB with price 0.0
2024-12-28 00:45:57,446 - INFO - Updated ARNBTC with price 0.0
2024-12-28 00:45:57,528 - INFO - Inserted BRDBTC with price 0.0
2024-12-28 00:45:57,667 - INFO - Updated ARNETH with price 0.0
2024-12-28 00:45:57,706 - INFO - Inserted BRDETH with price 0.0
2024-12-28 00:45:57,885 - INFO - Inserted BRDBNB with price 0.0
2024-12-28 00:45:57,899 - INFO - Updated GVTBTC with price 0.0
2024-12-28 00:45:58,090 - INFO - Inserted MCOBNB with price 0.0
2024-12-28 00:45:58,138 - INFO - Updated GVTETH with price 0.0
2024-12-28 00:45:58,310 - INFO - Inserted EDOBTC with price 0.0
2024-12-28 00:45:58,358 - INFO - Updated CDTBTC with price 0.0
2024-12-28 00:45:58,487 - INFO - Inserted EDOETH with price 0.0
2024-12-28 00:45:58,578 - INFO - Updated CDTETH with price 0.0
2024-12-28 00:45:58,666 - INFO - Inserted WINGSBTC with price 0.0
2024-12-28 00:45:58,800 - INFO - Updated GXSBTC with price 0.0
2024-12-28 00:45:58,865 - INFO - Inserted WINGSETH with price 0.0
2024-12-28 00:45:59,049 - INFO - Updated GXSETH with price 0.0
2024-12-28 00:45:59,058 - INFO - Inserted NAVBTC with price 0.0
2024-12-28 00:45:59,247 - INFO - Inserted NAVETH with price 0.0
2024-12-28 00:45:59,287 - INFO - Updated NEO with price 14.02
2024-12-28 00:45:59,428 - INFO - Inserted NAVBNB with price 0.0
2024-12-28 00:45:59,527 - INFO - Updated NEOBNB with price 0.03836
2024-12-28 00:45:59,607 - INFO - Inserted LUNBTC with price 0.0
2024-12-28 00:45:59,758 - INFO - Updated POEBTC with price 0.0
2024-12-28 00:45:59,787 - INFO - Inserted LUNETH with price 0.0
2024-12-28 00:45:59,961 - INFO - Inserted TRIGBTC with price 0.0
2024-12-28 00:45:59,982 - INFO - Updated POEETH with price 0.0
2024-12-28 00:46:00,138 - INFO - Inserted TRIGETH with price 0.0
2024-12-28 00:46:00,198 - INFO - Updated QSPBTC with price 0.0
2024-12-28 00:46:00,320 - INFO - Inserted TRIGBNB with price 0.0
2024-12-28 00:46:00,418 - INFO - Updated QSPETH with price 0.0
2024-12-28 00:46:00,502 - INFO - Inserted APPCBTC with price 0.0
2024-12-28 00:46:00,687 - INFO - Updated QSPBNB with price 0.0
2024-12-28 00:46:00,757 - INFO - Inserted APPCETH with price 0.0
2024-12-28 00:46:00,908 - INFO - Updated BTSBTC with price 0.0
2024-12-28 00:46:00,937 - INFO - Inserted APPCBNB with price 0.0
2024-12-28 00:46:01,109 - INFO - Inserted VIBEBTC with price 0.0
2024-12-28 00:46:01,127 - INFO - Updated BTSETH with price 0.0
2024-12-28 00:46:01,297 - INFO - Inserted VIBEETH with price 0.0
2024-12-28 00:46:01,348 - INFO - Updated BTSBNB with price 0.0
2024-12-28 00:46:01,468 - INFO - Inserted RLCBTC with price 2e-05
2024-12-28 00:46:01,568 - INFO - Updated XZCBTC with price 0.0
2024-12-28 00:46:01,648 - INFO - Inserted RLCETH with price 0.00063
2024-12-28 00:46:01,816 - INFO - Updated XZCETH with price 0.0
2024-12-28 00:46:01,832 - INFO - Inserted RLCBNB with price 0.0
2024-12-28 00:46:02,015 - INFO - Inserted INSBTC with price 0.0
2024-12-28 00:46:02,031 - INFO - Updated XZCBNB with price 0.0
2024-12-28 00:46:02,199 - INFO - Inserted INSETH with price 0.0
2024-12-28 00:46:02,248 - INFO - Updated LSKBTC with price 1e-05
2024-12-28 00:46:02,376 - INFO - Inserted PIVXBTC with price 0.0
2024-12-28 00:46:02,468 - INFO - Updated LSKETH with price 0.00034
2024-12-28 00:46:02,558 - INFO - Inserted PIVXBNB with price 0.0
2024-12-28 00:46:02,688 - INFO - Updated LSKBNB with price 0.0
2024-12-28 00:46:02,724 - INFO - Inserted IOSTBTC with price 0.0
2024-12-28 00:46:02,902 - INFO - Inserted IOSTETH with price 0.0
2024-12-28 00:46:02,916 - INFO - Updated TNTBTC with price 0.0
2024-12-28 00:46:03,084 - INFO - Inserted CHATBTC with price 0.0
2024-12-28 00:46:03,139 - INFO - Updated TNTETH with price 0.0
2024-12-28 00:46:03,288 - INFO - Inserted CHATETH with price 0.0
2024-12-28 00:46:03,369 - INFO - Updated FUELBTC with price 0.0
2024-12-28 00:46:03,458 - INFO - Inserted STEEMBTC with price 0.0
2024-12-28 00:46:03,588 - INFO - Updated FUELETH with price 0.0
2024-12-28 00:46:03,659 - INFO - Inserted STEEMETH with price 6e-05
2024-12-28 00:46:03,808 - INFO - Updated MANABTC with price 1e-05
2024-12-28 00:46:03,846 - INFO - Inserted STEEMBNB with price 0.0
2024-12-28 00:46:04,027 - INFO - Updated MANAETH with price 0.00015
2024-12-28 00:46:04,028 - INFO - Inserted NANOBTC with price 0.0
2024-12-28 00:46:04,198 - INFO - Inserted NANOETH with price 0.0
2024-12-28 00:46:04,248 - INFO - Updated BCDBTC with price 0.0
2024-12-28 00:46:04,377 - INFO - Inserted NANOBNB with price 0.0
2024-12-28 00:46:04,477 - INFO - Updated BCDETH with price 0.0
2024-12-28 00:46:04,560 - INFO - Inserted VIABTC with price 0.0
2024-12-28 00:46:04,698 - INFO - Updated DGDBTC with price 0.0
2024-12-28 00:46:04,736 - INFO - Inserted VIAETH with price 0.0
2024-12-28 00:46:04,910 - INFO - Inserted VIABNB with price 0.0
2024-12-28 00:46:04,931 - INFO - Updated DGDETH with price 0.0
2024-12-28 00:46:05,094 - INFO - Inserted BLZBTC with price 0.0
2024-12-28 00:46:05,139 - INFO - Updated IOTABNB with price 0.00072
2024-12-28 00:46:05,298 - INFO - Inserted BLZETH with price 4e-05
2024-12-28 00:46:05,366 - INFO - Updated ADXBTC with price 0.0
2024-12-28 00:46:05,491 - INFO - Inserted BLZBNB with price 0.0
2024-12-28 00:46:05,587 - INFO - Updated ADXETH with price 7e-05
2024-12-28 00:46:05,667 - INFO - Inserted AEBTC with price 0.0
2024-12-28 00:46:05,808 - INFO - Updated ADXBNB with price 0.0
2024-12-28 00:46:05,864 - INFO - Inserted AEETH with price 0.0
2024-12-28 00:46:06,038 - INFO - Updated ADABTC with price 1e-05
2024-12-28 00:46:06,046 - INFO - Inserted AEBNB with price 0.0
2024-12-28 00:46:06,234 - INFO - Inserted RPXBTC with price 0.0
2024-12-28 00:46:06,262 - INFO - Updated ADAETH with price 0.00026
2024-12-28 00:46:06,428 - INFO - Inserted RPXETH with price 0.0
2024-12-28 00:46:06,488 - INFO - Updated PPTBTC with price 0.0
2024-12-28 00:46:06,607 - INFO - Inserted RPXBNB with price 0.0
2024-12-28 00:46:06,707 - INFO - Updated PPTETH with price 0.0
2024-12-28 00:46:06,787 - INFO - Inserted NCASHBTC with price 0.0
2024-12-28 00:46:06,909 - INFO - Updated CMTBTC with price 0.0
2024-12-28 00:46:06,986 - INFO - Inserted NCASHETH with price 0.0
2024-12-28 00:46:07,128 - INFO - Updated CMTETH with price 0.0
2024-12-28 00:46:07,170 - INFO - Inserted NCASHBNB with price 0.0
2024-12-28 00:46:07,357 - INFO - Updated CMTBNB with price 0.0
2024-12-28 00:46:07,364 - INFO - Inserted POABTC with price 0.0
2024-12-28 00:46:07,537 - INFO - Inserted POAETH with price 0.0
2024-12-28 00:46:07,572 - INFO - Updated XLMBTC with price 0.0
2024-12-28 00:46:07,728 - INFO - Inserted POABNB with price 0.0
2024-12-28 00:46:07,788 - INFO - Updated XLMETH with price 0.00011
2024-12-28 00:46:07,915 - INFO - Inserted ZILBTC with price 0.0
2024-12-28 00:46:08,008 - INFO - Updated XLMBNB with price 0.0003
2024-12-28 00:46:08,097 - INFO - Inserted ZILETH with price 1e-05
2024-12-28 00:46:08,228 - INFO - Updated CNDBTC with price 0.0
2024-12-28 00:46:08,278 - INFO - Inserted ZILBNB with price 9e-05
2024-12-28 00:46:08,440 - INFO - Updated CNDETH with price 0.0
2024-12-28 00:46:08,458 - INFO - Inserted ONTBTC with price 0.0
2024-12-28 00:46:08,646 - INFO - Inserted ONTETH with price 0.00013
2024-12-28 00:46:08,666 - INFO - Updated CNDBNB with price 0.0
2024-12-28 00:46:08,827 - INFO - Inserted ONTBNB with price 0.0
2024-12-28 00:46:08,888 - INFO - Updated LENDBTC with price 0.0
2024-12-28 00:46:09,007 - INFO - Inserted STORMBTC with price 0.0
2024-12-28 00:46:09,107 - INFO - Updated LENDETH with price 0.0
2024-12-28 00:46:09,188 - INFO - Inserted STORMETH with price 0.0
2024-12-28 00:46:09,328 - INFO - Updated WABIBTC with price 0.0
2024-12-28 00:46:09,370 - INFO - Inserted STORMBNB with price 0.0
2024-12-28 00:46:09,550 - INFO - Updated WABIETH with price 0.0
2024-12-28 00:46:09,555 - INFO - Inserted QTUMBNB with price 0.0
2024-12-28 00:46:09,746 - INFO - Inserted QTUM with price 3.128
2024-12-28 00:46:09,773 - INFO - Updated WABIBNB with price 0.0
2024-12-28 00:46:09,926 - INFO - Inserted XEMBTC with price 0.0
2024-12-28 00:46:10,005 - INFO - Updated LTCETH with price 0.03068
2024-12-28 00:46:10,098 - INFO - Inserted XEMETH with price 0.0
2024-12-28 00:46:10,223 - INFO - Updated LTC with price 102.2
2024-12-28 00:46:10,287 - INFO - Inserted XEMBNB with price 0.0
2024-12-28 00:46:10,448 - INFO - Updated LTCBNB with price 0.1474
2024-12-28 00:46:10,476 - INFO - Inserted WANBTC with price 0.0
2024-12-28 00:46:10,648 - INFO - Inserted WANETH with price 9e-05
2024-12-28 00:46:10,667 - INFO - Updated TNBBTC with price 0.0
2024-12-28 00:46:10,828 - INFO - Inserted WANBNB with price 0.0
2024-12-28 00:46:10,888 - INFO - Updated TNBETH with price 0.0
2024-12-28 00:46:11,008 - INFO - Inserted WPRBTC with price 0.0
2024-12-28 00:46:11,107 - INFO - Updated WAVESBTC with price 2e-05
2024-12-28 00:46:11,170 - INFO - Inserted WPRETH with price 0.0
2024-12-28 00:46:11,326 - INFO - Updated WAVESETH with price 0.0003
2024-12-28 00:46:11,357 - INFO - Inserted QLCBTC with price 0.0
2024-12-28 00:46:11,536 - INFO - Inserted QLCETH with price 0.0
2024-12-28 00:46:11,555 - INFO - Updated WAVESBNB with price 0.00513
2024-12-28 00:46:11,718 - INFO - Inserted SYSBTC with price 0.0
2024-12-28 00:46:11,788 - INFO - Updated GTOBTC with price 0.0
2024-12-28 00:46:11,899 - INFO - Inserted SYSETH with price 0.0
2024-12-28 00:46:12,014 - INFO - Updated GTOETH with price 0.0
2024-12-28 00:46:12,079 - INFO - Inserted SYSBNB with price 0.0
2024-12-28 00:46:12,248 - INFO - Updated GTOBNB with price 0.0
2024-12-28 00:46:12,266 - INFO - Inserted QLCBNB with price 0.0
2024-12-28 00:46:12,448 - INFO - Inserted GRSBTC with price 0.0
2024-12-28 00:46:12,469 - INFO - Updated ICXBTC with price 0.0
2024-12-28 00:46:12,638 - INFO - Inserted GRSETH with price 0.0
2024-12-28 00:46:12,697 - INFO - Updated ICXETH with price 0.00012
2024-12-28 00:46:12,840 - INFO - Updated ADA with price 0.8831
2024-12-28 00:46:12,977 - INFO - Updated ICXBNB with price 0.0
2024-12-28 00:46:13,057 - INFO - Inserted ADABNB with price 0.00128
2024-12-28 00:46:13,257 - INFO - Updated OSTBTC with price 0.0
2024-12-28 00:46:13,268 - INFO - Inserted CLOAKBTC with price 0.0
2024-12-28 00:46:13,497 - INFO - Inserted CLOAKETH with price 0.0
2024-12-28 00:46:13,537 - INFO - Updated OSTETH with price 0.0
2024-12-28 00:46:13,737 - INFO - Inserted GNTBTC with price 0.0
2024-12-28 00:46:13,817 - INFO - Updated OSTBNB with price 0.0
2024-12-28 00:46:13,977 - INFO - Inserted GNTETH with price 0.0
2024-12-28 00:46:14,098 - INFO - Updated ELFBTC with price 0.0
2024-12-28 00:46:14,226 - INFO - Inserted GNTBNB with price 0.0
2024-12-28 00:46:14,378 - INFO - Updated ELFETH with price 0.00013
2024-12-28 00:46:14,465 - INFO - Inserted LOOMBTC with price 0.0
2024-12-28 00:46:14,656 - INFO - Updated AIONBTC with price 0.0
2024-12-28 00:46:14,680 - INFO - Inserted LOOMETH with price 3e-05
2024-12-28 00:46:14,898 - INFO - Inserted LOOMBNB with price 0.0
2024-12-28 00:46:14,934 - INFO - Updated AIONETH with price 0.0
2024-12-28 00:46:15,086 - INFO - Updated XRP with price 2.1575
2024-12-28 00:46:15,157 - INFO - Updated AIONBNB with price 0.0
2024-12-28 00:46:15,348 - INFO - Inserted BCNBTC with price 0.0
2024-12-28 00:46:15,472 - INFO - Updated NEBLBTC with price 1e-05
2024-12-28 00:46:15,537 - INFO - Inserted BCNETH with price 0.0
2024-12-28 00:46:15,700 - INFO - Updated NEBLBNB with price 0.0
2024-12-28 00:46:15,725 - INFO - Inserted BCNBNB with price 0.0
2024-12-28 00:46:15,897 - INFO - Inserted REPBTC with price 0.00034
2024-12-28 00:46:15,917 - INFO - Updated BRDBTC with price 0.0
2024-12-28 00:46:16,068 - INFO - Inserted REPBNB with price 0.0
2024-12-28 00:46:16,139 - INFO - Updated BRDETH with price 0.0
2024-12-28 00:46:16,244 - INFO - Inserted BTCTUSD with price 94456.46
2024-12-28 00:46:16,355 - INFO - Updated BRDBNB with price 0.0
2024-12-28 00:46:16,418 - INFO - Inserted TUSDBTC with price 0.0
2024-12-28 00:46:16,588 - INFO - Updated MCOBNB with price 0.0
2024-12-28 00:46:16,596 - INFO - Inserted ETHTUSD with price 3327.12
2024-12-28 00:46:16,767 - INFO - Inserted TUSDETH with price 0.0
2024-12-28 00:46:16,817 - INFO - Updated EDOBTC with price 0.0
2024-12-28 00:46:16,948 - INFO - Inserted TUSDBNB with price 0.0
2024-12-28 00:46:17,038 - INFO - Updated EDOETH with price 0.0
2024-12-28 00:46:17,136 - INFO - Inserted ZENBTC with price 0.00032
2024-12-28 00:46:17,263 - INFO - Updated WINGSBTC with price 0.0
2024-12-28 00:46:17,327 - INFO - Inserted ZENETH with price 0.00399
2024-12-28 00:46:17,477 - INFO - Updated WINGSETH with price 0.0
2024-12-28 00:46:17,508 - INFO - Inserted ZENBNB with price 0.0329
2024-12-28 00:46:17,678 - INFO - Inserted SKYBTC with price 0.0
2024-12-28 00:46:17,706 - INFO - Updated NAVBTC with price 0.0
2024-12-28 00:46:17,889 - INFO - Inserted SKYETH with price 0.0
2024-12-28 00:46:18,046 - INFO - Updated NAVETH with price 0.0
2024-12-28 00:46:18,210 - INFO - Inserted SKYBNB with price 0.0
2024-12-28 00:46:18,366 - INFO - Updated NAVBNB with price 0.0
2024-12-28 00:46:18,476 - INFO - Inserted EOS with price 0.791
2024-12-28 00:46:18,792 - INFO - Updated LUNBTC with price 0.0
2024-12-28 00:46:18,862 - INFO - Inserted EOSBNB with price 0.00258
2024-12-28 00:46:19,459 - INFO - Updated LUNETH with price 0.0
2024-12-28 00:46:19,485 - INFO - Inserted CVCBTC with price 1e-05
2024-12-28 00:46:20,148 - INFO - Inserted CVCETH with price 0.0
2024-12-28 00:46:20,200 - INFO - Updated TRIGBTC with price 0.0
2024-12-28 00:46:21,071 - INFO - Inserted CVCBNB with price 0.0
2024-12-28 00:46:21,121 - INFO - Updated TRIGETH with price 0.0
2024-12-28 00:46:21,248 - INFO - Inserted THETABTC with price 2e-05
2024-12-28 00:46:21,337 - INFO - Updated TRIGBNB with price 0.0
2024-12-28 00:46:21,428 - INFO - Inserted THETAETH with price 0.0005
2024-12-28 00:46:21,556 - INFO - Updated APPCBTC with price 0.0
2024-12-28 00:46:21,618 - INFO - Inserted THETABNB with price 0.00274
2024-12-28 00:46:21,788 - INFO - Updated APPCETH with price 0.0
2024-12-28 00:46:21,797 - INFO - Inserted XRPBNB with price 0.00312
2024-12-28 00:46:21,978 - INFO - Inserted TUSD with price 1.0012
2024-12-28 00:46:22,005 - INFO - Updated APPCBNB with price 0.0
2024-12-28 00:46:22,158 - INFO - Inserted IOTA with price 0.2959
2024-12-28 00:46:22,234 - INFO - Updated VIBEBTC with price 0.0
2024-12-28 00:46:22,336 - INFO - Updated XLM with price 0.3514
2024-12-28 00:46:22,467 - INFO - Updated VIBEETH with price 0.0
2024-12-28 00:46:22,517 - INFO - Inserted IOTXBTC with price 0.0
2024-12-28 00:46:22,688 - INFO - Updated RLCBTC with price 2e-05
2024-12-28 00:46:22,718 - INFO - Inserted IOTXETH with price 1e-05
2024-12-28 00:46:22,888 - INFO - Inserted QKCBTC with price 0.0
2024-12-28 00:46:22,908 - INFO - Updated RLCETH with price 0.00063
2024-12-28 00:46:23,068 - INFO - Inserted QKCETH with price 0.0
2024-12-28 00:46:23,129 - INFO - Updated RLCBNB with price 0.0
2024-12-28 00:46:23,247 - INFO - Inserted AGIBTC with price 0.0
2024-12-28 00:46:23,351 - INFO - Updated INSBTC with price 0.0
2024-12-28 00:46:23,418 - INFO - Inserted AGIETH with price 0.0
2024-12-28 00:46:23,577 - INFO - Updated INSETH with price 0.0
2024-12-28 00:46:23,598 - INFO - Inserted AGIBNB with price 0.0
2024-12-28 00:46:23,787 - INFO - Inserted NXSBTC with price 0.0
2024-12-28 00:46:23,808 - INFO - Updated PIVXBTC with price 0.0
2024-12-28 00:46:23,987 - INFO - Inserted NXSETH with price 0.0
2024-12-28 00:46:24,017 - INFO - Updated PIVXBNB with price 0.0
2024-12-28 00:46:24,181 - INFO - Inserted NXSBNB with price 0.0
2024-12-28 00:46:24,238 - INFO - Updated IOSTBTC with price 0.0
2024-12-28 00:46:24,378 - INFO - Inserted ENJBNB with price 0.00137
2024-12-28 00:46:24,468 - INFO - Updated IOSTETH with price 0.0
2024-12-28 00:46:24,570 - INFO - Inserted DATABTC with price 0.0
2024-12-28 00:46:24,700 - INFO - Updated CHATBTC with price 0.0
2024-12-28 00:46:24,766 - INFO - Inserted DATAETH with price 2e-05
2024-12-28 00:46:24,939 - INFO - Updated CHATETH with price 0.0
2024-12-28 00:46:24,947 - INFO - Inserted ONT with price 0.2323
2024-12-28 00:46:25,136 - INFO - Inserted TRXBNB with price 0.00038
2024-12-28 00:46:25,164 - INFO - Updated STEEMBTC with price 0.0
2024-12-28 00:46:25,327 - INFO - Updated TRX with price 0.2601
2024-12-28 00:46:25,395 - INFO - Updated STEEMETH with price 6e-05
2024-12-28 00:46:25,520 - INFO - Updated ETC with price 26.11
2024-12-28 00:46:25,634 - INFO - Updated STEEMBNB with price 0.0
2024-12-28 00:46:25,699 - INFO - Inserted ETCBNB with price 0.03765
2024-12-28 00:46:25,858 - INFO - Updated NANOBTC with price 0.0
2024-12-28 00:46:25,888 - INFO - Inserted ICX with price 0.1792
2024-12-28 00:46:26,060 - INFO - Inserted SCBTC with price 0.0
2024-12-28 00:46:26,078 - INFO - Updated NANOETH with price 0.0
2024-12-28 00:46:26,248 - INFO - Inserted SCETH with price 0.0
2024-12-28 00:46:26,299 - INFO - Updated NANOBNB with price 0.0
2024-12-28 00:46:26,428 - INFO - Inserted NPXSBTC with price 0.0
2024-12-28 00:46:26,539 - INFO - Updated VIABTC with price 0.0
2024-12-28 00:46:26,626 - INFO - Inserted NPXSETH with price 0.0
2024-12-28 00:46:26,759 - INFO - Updated VIAETH with price 0.0
2024-12-28 00:46:26,796 - INFO - Inserted VEN with price 0.0
2024-12-28 00:46:26,978 - INFO - Updated VIABNB with price 0.0
2024-12-28 00:46:26,996 - INFO - Inserted KEYBTC with price 0.0
2024-12-28 00:46:27,186 - INFO - Inserted KEYETH with price 0.0
2024-12-28 00:46:27,215 - INFO - Updated BLZBTC with price 0.0
2024-12-28 00:46:27,376 - INFO - Inserted NASBTC with price 0.0
2024-12-28 00:46:27,438 - INFO - Updated BLZETH with price 4e-05
2024-12-28 00:46:27,556 - INFO - Inserted NASETH with price 0.0
2024-12-28 00:46:27,659 - INFO - Updated BLZBNB with price 0.0
2024-12-28 00:46:27,724 - INFO - Inserted NASBNB with price 0.0
2024-12-28 00:46:27,899 - INFO - Updated AEBTC with price 0.0
2024-12-28 00:46:27,908 - INFO - Inserted MFTBTC with price 0.0
2024-12-28 00:46:28,078 - INFO - Inserted MFTETH with price 0.0
2024-12-28 00:46:28,126 - INFO - Updated AEETH with price 0.0
2024-12-28 00:46:28,270 - INFO - Inserted MFTBNB with price 0.0
2024-12-28 00:46:28,347 - INFO - Updated AEBNB with price 0.0
2024-12-28 00:46:28,475 - INFO - Inserted DENTBTC with price 0.0
2024-12-28 00:46:28,567 - INFO - Updated RPXBTC with price 0.0
2024-12-28 00:46:28,665 - INFO - Inserted DENTETH with price 0.0
2024-12-28 00:46:28,805 - INFO - Updated RPXETH with price 0.0
2024-12-28 00:46:28,856 - INFO - Inserted ARDRBTC with price 0.0
2024-12-28 00:46:29,028 - INFO - Updated RPXBNB with price 0.0
2024-12-28 00:46:29,044 - INFO - Inserted ARDRETH with price 0.0
2024-12-28 00:46:29,228 - INFO - Inserted ARDRBNB with price 0.0
2024-12-28 00:46:29,250 - INFO - Updated NCASHBTC with price 0.0
2024-12-28 00:46:29,416 - INFO - Inserted NULS with price 0.4039
2024-12-28 00:46:29,479 - INFO - Updated NCASHETH with price 0.0
2024-12-28 00:46:29,598 - INFO - Inserted HOTBTC with price 0.0
2024-12-28 00:46:29,707 - INFO - Updated NCASHBNB with price 0.0
2024-12-28 00:46:29,797 - INFO - Inserted HOTETH with price 0.0
2024-12-28 00:46:29,928 - INFO - Updated POABTC with price 0.0
2024-12-28 00:46:29,986 - INFO - Inserted VETBTC with price 0.0
2024-12-28 00:46:30,156 - INFO - Updated POAETH with price 0.0
2024-12-28 00:46:30,159 - INFO - Inserted VETETH with price 1e-05
2024-12-28 00:46:30,338 - INFO - Inserted VET with price 0.046
2024-12-28 00:46:30,377 - INFO - Updated POABNB with price 0.0
2024-12-28 00:46:30,519 - INFO - Inserted VETBNB with price 7e-05
2024-12-28 00:46:30,608 - INFO - Updated ZILBTC with price 0.0
2024-12-28 00:46:30,700 - INFO - Inserted DOCKBTC with price 0.0
2024-12-28 00:46:30,828 - INFO - Updated ZILETH with price 1e-05
2024-12-28 00:46:30,880 - INFO - Inserted DOCKETH with price 0.0
2024-12-28 00:46:31,038 - INFO - Updated ZILBNB with price 9e-05
2024-12-28 00:46:31,055 - INFO - Inserted POLYBTC with price 1e-05
2024-12-28 00:46:31,238 - INFO - Inserted POLYBNB with price 0.0
2024-12-28 00:46:31,257 - INFO - Updated ONTBTC with price 0.0
2024-12-28 00:46:31,416 - INFO - Inserted PHXBTC with price 0.0
2024-12-28 00:46:31,493 - INFO - Updated ONTETH with price 0.00013
2024-12-28 00:46:31,587 - INFO - Inserted PHXETH with price 0.0
2024-12-28 00:46:31,722 - INFO - Updated ONTBNB with price 0.0
2024-12-28 00:46:31,770 - INFO - Inserted PHXBNB with price 0.0
2024-12-28 00:46:31,995 - INFO - Inserted HCBTC with price 0.0
2024-12-28 00:46:32,015 - INFO - Updated STORMBTC with price 0.0
2024-12-28 00:46:32,186 - INFO - Inserted HCETH with price 0.0
2024-12-28 00:46:32,235 - INFO - Updated STORMETH with price 0.0
2024-12-28 00:46:32,355 - INFO - Inserted GOBTC with price 0.0
2024-12-28 00:46:32,457 - INFO - Updated STORMBNB with price 0.0
2024-12-28 00:46:32,528 - INFO - Inserted GOBNB with price 0.0
2024-12-28 00:46:32,680 - INFO - Updated QTUMBNB with price 0.0
2024-12-28 00:46:32,707 - INFO - Inserted PAXBTC with price 0.0
2024-12-28 00:46:32,892 - INFO - Inserted PAXBNB with price 0.0
2024-12-28 00:46:32,906 - INFO - Updated QTUM with price 3.128
2024-12-28 00:46:33,086 - INFO - Inserted PAX with price 0.0
2024-12-28 00:46:33,134 - INFO - Updated XEMBTC with price 0.0
2024-12-28 00:46:33,268 - INFO - Inserted PAXETH with price 0.0
2024-12-28 00:46:33,386 - INFO - Updated XEMETH with price 0.0
2024-12-28 00:46:33,448 - INFO - Inserted RVNBTC with price 0.0
2024-12-28 00:46:33,608 - INFO - Updated XEMBNB with price 0.0
2024-12-28 00:46:33,628 - INFO - Inserted DCRBTC with price 0.00022
2024-12-28 00:46:33,816 - INFO - Inserted DCRBNB with price 0.0
2024-12-28 00:46:33,831 - INFO - Updated WANBTC with price 0.0
2024-12-28 00:46:33,997 - INFO - Inserted USDCBNB with price 0.0
2024-12-28 00:46:34,083 - INFO - Updated WANETH with price 9e-05
2024-12-28 00:46:34,181 - INFO - Inserted MITHBTC with price 0.0
2024-12-28 00:46:34,320 - INFO - Updated WANBNB with price 0.0
2024-12-28 00:46:34,378 - INFO - Inserted MITHBNB with price 4e-05
2024-12-28 00:46:34,549 - INFO - Updated WPRBTC with price 0.0
2024-12-28 00:46:34,560 - INFO - Inserted BCHABCBTC with price 0.0
2024-12-28 00:46:34,739 - INFO - Inserted BCHSVBTC with price 0.0
2024-12-28 00:46:34,768 - INFO - Updated WPRETH with price 0.0
2024-12-28 00:46:34,952 - INFO - Inserted BCHABC with price 0.0
2024-12-28 00:46:35,011 - INFO - Updated QLCBTC with price 0.0
2024-12-28 00:46:35,129 - INFO - Inserted BCHSV with price 0.0
2024-12-28 00:46:35,247 - INFO - Updated QLCETH with price 0.0
2024-12-28 00:46:35,362 - INFO - Inserted BNBPAX with price 0.0
2024-12-28 00:46:35,495 - INFO - Updated SYSBTC with price 0.0
2024-12-28 00:46:35,575 - INFO - Inserted BTCPAX with price 0.0
2024-12-28 00:46:35,718 - INFO - Updated SYSETH with price 0.0
2024-12-28 00:46:35,768 - INFO - Inserted ETHPAX with price 0.0
2024-12-28 00:46:35,943 - INFO - Inserted XRPPAX with price 0.0
2024-12-28 00:46:35,966 - INFO - Updated SYSBNB with price 0.0
2024-12-28 00:46:36,129 - INFO - Inserted EOSPAX with price 0.0
2024-12-28 00:46:36,208 - INFO - Updated QLCBNB with price 0.0
2024-12-28 00:46:36,314 - INFO - Inserted XLMPAX with price 0.0
2024-12-28 00:46:36,439 - INFO - Updated GRSBTC with price 0.0
2024-12-28 00:46:36,512 - INFO - Inserted RENBTC with price 0.0
2024-12-28 00:46:36,675 - INFO - Inserted RENBNB with price 0.0
2024-12-28 00:46:36,688 - INFO - Updated GRSETH with price 0.0
2024-12-28 00:46:36,848 - INFO - Inserted BNBTUSD with price 690.8
2024-12-28 00:46:36,908 - INFO - Updated ADA with price 0.883
2024-12-28 00:46:37,017 - INFO - Inserted XRPTUSD with price 2.1525
2024-12-28 00:46:37,119 - INFO - Updated ADABNB with price 0.00128
2024-12-28 00:46:37,188 - INFO - Inserted EOSTUSD with price 0.0
2024-12-28 00:46:37,347 - INFO - Updated CLOAKBTC with price 0.0
2024-12-28 00:46:37,369 - INFO - Inserted XLMTUSD with price 0.0
2024-12-28 00:46:37,548 - INFO - Inserted BNBUSDC with price 691.2
2024-12-28 00:46:37,569 - INFO - Updated CLOAKETH with price 0.0
2024-12-28 00:46:37,736 - INFO - Inserted BTCUSDC with price 94473.95
2024-12-28 00:46:37,807 - INFO - Updated GNTBTC with price 0.0
2024-12-28 00:46:37,918 - INFO - Inserted ETHUSDC with price 3324.6
2024-12-28 00:46:38,018 - INFO - Updated GNTETH with price 0.0
2024-12-28 00:46:38,096 - INFO - Inserted XRPUSDC with price 2.1545
2024-12-28 00:46:38,249 - INFO - Updated GNTBNB with price 0.0
2024-12-28 00:46:38,277 - INFO - Inserted EOSUSDC with price 0.7908
2024-12-28 00:46:38,457 - INFO - Inserted XLMUSDC with price 0.3507
2024-12-28 00:46:38,478 - INFO - Updated LOOMBTC with price 0.0
2024-12-28 00:46:38,668 - INFO - Inserted USDC with price 1.0015
2024-12-28 00:46:38,687 - INFO - Updated LOOMETH with price 3e-05
2024-12-28 00:46:38,840 - INFO - Inserted ADATUSD with price 0.3847
2024-12-28 00:46:38,918 - INFO - Updated LOOMBNB with price 0.0
2024-12-28 00:46:39,027 - INFO - Inserted TRXTUSD with price 0.05986
2024-12-28 00:46:39,137 - INFO - Updated XRP with price 2.1571
2024-12-28 00:46:39,215 - INFO - Inserted NEOTUSD with price 0.0
2024-12-28 00:46:39,359 - INFO - Updated BCNBTC with price 0.0
2024-12-28 00:46:39,402 - INFO - Inserted TRXXRP with price 0.1207
2024-12-28 00:46:39,589 - INFO - Updated BCNETH with price 0.0
2024-12-28 00:46:39,606 - INFO - Inserted XZCXRP with price 0.0
2024-12-28 00:46:39,786 - INFO - Inserted PAXTUSD with price 0.0
2024-12-28 00:46:39,827 - INFO - Updated BCNBNB with price 0.0
2024-12-28 00:46:39,984 - INFO - Inserted USDCTUSD with price 0.0
2024-12-28 00:46:40,065 - INFO - Updated REPBTC with price 0.00034
2024-12-28 00:46:40,172 - INFO - Inserted USDCPAX with price 0.0
2024-12-28 00:46:40,307 - INFO - Updated REPBNB with price 0.0
2024-12-28 00:46:40,369 - INFO - Updated LINK with price 21.93
2024-12-28 00:46:40,528 - INFO - Updated BTCTUSD with price 94456.46
2024-12-28 00:46:40,565 - INFO - Inserted LINKTUSD with price 14.423
2024-12-28 00:46:40,740 - INFO - Inserted LINKPAX with price 0.0
2024-12-28 00:46:40,758 - INFO - Updated TUSDBTC with price 0.0
2024-12-28 00:46:40,917 - INFO - Inserted LINKUSDC with price 21.9
2024-12-28 00:46:40,973 - INFO - Updated ETHTUSD with price 3327.12
2024-12-28 00:46:41,096 - INFO - Inserted WAVES with price 1.076
2024-12-28 00:46:41,244 - INFO - Updated TUSDETH with price 0.0
2024-12-28 00:46:41,321 - INFO - Inserted WAVESTUSD with price 0.0
2024-12-28 00:46:41,447 - INFO - Updated TUSDBNB with price 0.0
2024-12-28 00:46:41,521 - INFO - Inserted WAVESPAX with price 0.0
2024-12-28 00:46:41,685 - INFO - Updated ZENBTC with price 0.00032
2024-12-28 00:46:41,701 - INFO - Inserted WAVESUSDC with price 0.0
2024-12-28 00:46:41,875 - INFO - Inserted BCHABCTUSD with price 0.0
2024-12-28 00:46:41,905 - INFO - Updated ZENETH with price 0.00399
2024-12-28 00:46:42,057 - INFO - Inserted BCHABCPAX with price 0.0
2024-12-28 00:46:42,128 - INFO - Updated ZENBNB with price 0.0329
2024-12-28 00:46:42,233 - INFO - Inserted BCHABCUSDC with price 0.0
2024-12-28 00:46:42,348 - INFO - Updated SKYBTC with price 0.0
2024-12-28 00:46:42,417 - INFO - Inserted BCHSVTUSD with price 0.0
2024-12-28 00:46:42,560 - INFO - Updated SKYETH with price 0.0
2024-12-28 00:46:42,596 - INFO - Inserted BCHSVPAX with price 0.0
2024-12-28 00:46:42,783 - INFO - Inserted BCHSVUSDC with price 0.0
2024-12-28 00:46:42,812 - INFO - Updated SKYBNB with price 0.0
2024-12-28 00:46:42,967 - INFO - Inserted LTCTUSD with price 83.07
2024-12-28 00:46:43,049 - INFO - Updated EOS with price 0.7908
2024-12-28 00:46:43,148 - INFO - Inserted LTCPAX with price 0.0
2024-12-28 00:46:43,329 - INFO - Updated EOSBNB with price 0.00258
2024-12-28 00:46:43,337 - INFO - Inserted LTCUSDC with price 102.13
2024-12-28 00:46:43,516 - INFO - Inserted TRXPAX with price 0.0
2024-12-28 00:46:43,551 - INFO - Updated CVCBTC with price 1e-05
2024-12-28 00:46:43,699 - INFO - Inserted TRXUSDC with price 0.2599
2024-12-28 00:46:43,787 - INFO - Updated CVCETH with price 0.0
2024-12-28 00:46:43,878 - INFO - Inserted BTTBTC with price 0.0
2024-12-28 00:46:44,006 - INFO - Updated CVCBNB with price 0.0
2024-12-28 00:46:44,067 - INFO - Inserted BTTBNB with price 0.0
2024-12-28 00:46:44,238 - INFO - Updated THETABTC with price 2e-05
2024-12-28 00:46:44,248 - INFO - Inserted BTT with price 0.0
2024-12-28 00:46:44,448 - INFO - Inserted BNBUSDS with price 0.0
2024-12-28 00:46:44,468 - INFO - Updated THETAETH with price 0.0005
2024-12-28 00:46:44,618 - INFO - Inserted BTCUSDS with price 0.0
2024-12-28 00:46:44,700 - INFO - Updated THETABNB with price 0.00274
2024-12-28 00:46:44,806 - INFO - Inserted USDS with price 0.0
2024-12-28 00:46:44,926 - INFO - Updated XRPBNB with price 0.00312
2024-12-28 00:46:44,999 - INFO - Inserted USDSPAX with price 0.0
2024-12-28 00:46:45,166 - INFO - Updated TUSD with price 1.0012
2024-12-28 00:46:45,203 - INFO - Inserted USDSTUSD with price 0.0
2024-12-28 00:46:45,388 - INFO - Updated IOTA with price 0.2957
2024-12-28 00:46:45,425 - INFO - Inserted USDSUSDC with price 0.0
2024-12-28 00:46:45,603 - INFO - Inserted BTTPAX with price 0.0
2024-12-28 00:46:45,628 - INFO - Updated XLM with price 0.3514
2024-12-28 00:46:45,798 - INFO - Inserted BTTTUSD with price 0.0
2024-12-28 00:46:45,839 - INFO - Updated IOTXBTC with price 0.0
2024-12-28 00:46:45,986 - INFO - Inserted BTTUSDC with price 0.0
2024-12-28 00:46:46,087 - INFO - Updated IOTXETH with price 1e-05
2024-12-28 00:46:46,186 - INFO - Inserted ONGBNB with price 0.0
2024-12-28 00:46:46,324 - INFO - Updated QKCBTC with price 0.0
2024-12-28 00:46:46,371 - INFO - Inserted ONGBTC with price 0.0
2024-12-28 00:46:46,541 - INFO - Inserted ONG with price 0.3195
2024-12-28 00:46:46,559 - INFO - Updated QKCETH with price 0.0
2024-12-28 00:46:46,728 - INFO - Inserted HOTBNB with price 0.0
2024-12-28 00:46:46,778 - INFO - Updated AGIBTC with price 0.0
2024-12-28 00:46:46,917 - INFO - Inserted HOT with price 0.00238
2024-12-28 00:46:47,007 - INFO - Updated AGIETH with price 0.0
2024-12-28 00:46:47,105 - INFO - Inserted ZIL with price 0.0212
2024-12-28 00:46:47,240 - INFO - Updated AGIBNB with price 0.0
2024-12-28 00:46:47,307 - INFO - Inserted ZRXBNB with price 0.0
2024-12-28 00:46:47,462 - INFO - Updated NXSBTC with price 0.0
2024-12-28 00:46:47,537 - INFO - Inserted ZRX with price 0.4764
2024-12-28 00:46:47,678 - INFO - Updated NXSETH with price 0.0
2024-12-28 00:46:47,725 - INFO - Inserted FETBNB with price 0.00192
2024-12-28 00:46:47,909 - INFO - Inserted FETBTC with price 1e-05
2024-12-28 00:46:47,910 - INFO - Updated NXSBNB with price 0.0
2024-12-28 00:46:48,093 - INFO - Inserted FET with price 1.331
2024-12-28 00:46:48,138 - INFO - Updated ENJBNB with price 0.00137
2024-12-28 00:46:48,275 - INFO - Inserted BAT with price 0.2418
2024-12-28 00:46:48,359 - INFO - Updated DATABTC with price 0.0
2024-12-28 00:46:48,456 - INFO - Inserted XMRBNB with price 0.3321
2024-12-28 00:46:48,587 - INFO - Updated DATAETH with price 2e-05
2024-12-28 00:46:48,656 - INFO - Inserted XMR with price 118.7
2024-12-28 00:46:48,828 - INFO - Updated ONT with price 0.2322
2024-12-28 00:46:48,837 - INFO - Inserted ZECBNB with price 0.1026
2024-12-28 00:46:49,027 - INFO - Inserted ZEC with price 62.26
2024-12-28 00:46:49,049 - INFO - Updated TRXBNB with price 0.00038
2024-12-28 00:46:49,209 - INFO - Inserted ZECPAX with price 0.0
2024-12-28 00:46:49,279 - INFO - Updated TRX with price 0.2602
2024-12-28 00:46:49,400 - INFO - Inserted ZECTUSD with price 0.0
2024-12-28 00:46:49,534 - INFO - Updated ETC with price 26.1
2024-12-28 00:46:49,597 - INFO - Inserted ZECUSDC with price 55.8
2024-12-28 00:46:49,757 - INFO - Updated ETCBNB with price 0.03765
2024-12-28 00:46:49,786 - INFO - Inserted IOST with price 0.00665
2024-12-28 00:46:49,958 - INFO - Inserted CELRBNB with price 5e-05
2024-12-28 00:46:49,977 - INFO - Updated ICX with price 0.1793
2024-12-28 00:46:50,136 - INFO - Inserted CELRBTC with price 0.0
2024-12-28 00:46:50,198 - INFO - Updated SCBTC with price 0.0
2024-12-28 00:46:50,333 - INFO - Inserted CELR with price 0.02053
2024-12-28 00:46:50,437 - INFO - Updated SCETH with price 0.0
2024-12-28 00:46:50,507 - INFO - Inserted ADAPAX with price 0.0
2024-12-28 00:46:50,683 - INFO - Updated NPXSBTC with price 0.0
2024-12-28 00:46:50,688 - INFO - Inserted ADAUSDC with price 0.8819
2024-12-28 00:46:50,874 - INFO - Inserted NEOPAX with price 0.0
2024-12-28 00:46:50,906 - INFO - Updated NPXSETH with price 0.0
2024-12-28 00:46:51,065 - INFO - Inserted NEOUSDC with price 14.03
2024-12-28 00:46:51,127 - INFO - Updated VEN with price 0.0
2024-12-28 00:46:51,247 - INFO - Inserted DASHBNB with price 0.1183
2024-12-28 00:46:51,359 - INFO - Updated KEYBTC with price 0.0
2024-12-28 00:46:51,426 - INFO - Inserted DASH with price 39.56
2024-12-28 00:46:51,597 - INFO - Updated KEYETH with price 0.0
2024-12-28 00:46:51,617 - INFO - Inserted NANO with price 0.0
2024-12-28 00:46:51,817 - INFO - Updated NASBTC with price 0.0
2024-12-28 00:46:51,860 - INFO - Inserted OMGBNB with price 0.0
2024-12-28 00:46:52,036 - INFO - Updated NASETH with price 0.0
2024-12-28 00:46:52,054 - INFO - Inserted OMG with price 0.383
2024-12-28 00:46:52,227 - INFO - Inserted THETA with price 2.193
2024-12-28 00:46:52,254 - INFO - Updated NASBNB with price 0.0
2024-12-28 00:46:52,417 - INFO - Inserted ENJ with price 0.2218
2024-12-28 00:46:52,481 - INFO - Updated MFTBTC with price 0.0
2024-12-28 00:46:52,595 - INFO - Inserted MITH with price 0.00345
2024-12-28 00:46:52,744 - INFO - Updated MFTETH with price 0.0
2024-12-28 00:46:52,832 - INFO - Inserted MATICBNB with price 0.00073
2024-12-28 00:46:53,026 - INFO - Updated MFTBNB with price 0.0
2024-12-28 00:46:53,056 - INFO - Inserted MATICBTC with price 1e-05
2024-12-28 00:46:53,297 - INFO - Inserted MATIC with price 0.3794
2024-12-28 00:46:53,320 - INFO - Updated DENTBTC with price 0.0
2024-12-28 00:46:53,537 - INFO - Inserted ATOMBNB with price 0.00739
2024-12-28 00:46:53,618 - INFO - Updated DENTETH with price 0.0
2024-12-28 00:46:53,739 - INFO - Inserted ATOMBTC with price 7e-05
2024-12-28 00:46:53,947 - INFO - Updated ARDRBTC with price 0.0
2024-12-28 00:46:54,056 - INFO - Updated ATOM with price 6.499
2024-12-28 00:46:54,256 - INFO - Updated ARDRETH with price 0.0
2024-12-28 00:46:54,296 - INFO - Inserted ATOMUSDC with price 6.489
2024-12-28 00:46:54,536 - INFO - Inserted ATOMPAX with price 0.0
2024-12-28 00:46:54,537 - INFO - Updated ARDRBNB with price 0.0
2024-12-28 00:46:54,777 - INFO - Inserted ATOMTUSD with price 0.0
2024-12-28 00:46:54,800 - INFO - Updated NULS with price 0.4039
2024-12-28 00:46:55,009 - INFO - Inserted ETCUSDC with price 0.0
2024-12-28 00:46:55,038 - INFO - Updated HOTBTC with price 0.0
2024-12-28 00:46:55,198 - INFO - Inserted ETCPAX with price 0.0
2024-12-28 00:46:55,258 - INFO - Updated HOTETH with price 0.0
2024-12-28 00:46:55,376 - INFO - Inserted ETCTUSD with price 0.0
2024-12-28 00:46:55,486 - INFO - Updated VETBTC with price 0.0
2024-12-28 00:46:55,558 - INFO - Inserted BATUSDC with price 0.0
2024-12-28 00:46:55,716 - INFO - Updated VETETH with price 1e-05
2024-12-28 00:46:55,739 - INFO - Inserted BATPAX with price 0.0
2024-12-28 00:46:55,937 - INFO - Inserted BATTUSD with price 0.0
2024-12-28 00:46:55,938 - INFO - Updated VET with price 0.04598
2024-12-28 00:46:56,124 - INFO - Inserted PHBBNB with price 0.0
2024-12-28 00:46:56,158 - INFO - Updated VETBNB with price 7e-05
2024-12-28 00:46:56,307 - INFO - Inserted PHBBTC with price 2e-05
2024-12-28 00:46:56,406 - INFO - Updated DOCKBTC with price 0.0
2024-12-28 00:46:56,505 - INFO - Inserted PHBUSDC with price 0.0
2024-12-28 00:46:56,638 - INFO - Updated DOCKETH with price 0.0
2024-12-28 00:46:56,686 - INFO - Inserted PHBTUSD with price 0.0
2024-12-28 00:46:56,866 - INFO - Inserted PHBPAX with price 0.0
2024-12-28 00:46:56,868 - INFO - Updated POLYBTC with price 1e-05
2024-12-28 00:46:57,050 - INFO - Inserted TFUELBNB with price 0.0
2024-12-28 00:46:57,087 - INFO - Updated POLYBNB with price 0.0
2024-12-28 00:46:57,236 - INFO - Inserted TFUELBTC with price 0.0
2024-12-28 00:46:57,308 - INFO - Updated PHXBTC with price 0.0
2024-12-28 00:46:57,420 - INFO - Inserted TFUEL with price 0.06464
2024-12-28 00:46:57,536 - INFO - Updated PHXETH with price 0.0
2024-12-28 00:46:57,607 - INFO - Inserted TFUELUSDC with price 0.0
2024-12-28 00:46:57,746 - INFO - Updated PHXBNB with price 0.0
2024-12-28 00:46:57,786 - INFO - Inserted TFUELTUSD with price 0.0
2024-12-28 00:46:57,966 - INFO - Updated HCBTC with price 0.0
2024-12-28 00:46:57,967 - INFO - Inserted TFUELPAX with price 0.0
2024-12-28 00:46:58,148 - INFO - Inserted ONEBNB with price 5e-05
2024-12-28 00:46:58,196 - INFO - Updated HCETH with price 0.0
2024-12-28 00:46:58,334 - INFO - Inserted ONEBTC with price 0.0
2024-12-28 00:46:58,434 - INFO - Updated GOBTC with price 0.0
2024-12-28 00:46:58,517 - INFO - Inserted ONE with price 0.0285
2024-12-28 00:46:58,648 - INFO - Updated GOBNB with price 0.0
2024-12-28 00:46:58,697 - INFO - Inserted ONETUSD with price 0.0
2024-12-28 00:46:58,867 - INFO - Updated PAXBTC with price 0.0
2024-12-28 00:46:58,877 - INFO - Inserted ONEPAX with price 0.0
2024-12-28 00:46:59,058 - INFO - Inserted ONEUSDC with price 0.0
2024-12-28 00:46:59,086 - INFO - Updated PAXBNB with price 0.0
2024-12-28 00:46:59,237 - INFO - Inserted FTMBNB with price 0.00122
2024-12-28 00:46:59,306 - INFO - Updated PAX with price 0.0
2024-12-28 00:46:59,412 - INFO - Inserted FTMBTC with price 1e-05
2024-12-28 00:46:59,543 - INFO - Updated PAXETH with price 0.0
2024-12-28 00:46:59,597 - INFO - Inserted FTM with price 0.8477
2024-12-28 00:46:59,757 - INFO - Updated RVNBTC with price 0.0
2024-12-28 00:46:59,779 - INFO - Inserted FTMTUSD with price 0.0
2024-12-28 00:46:59,977 - INFO - Updated DCRBTC with price 0.00022
2024-12-28 00:46:59,978 - INFO - Inserted FTMPAX with price 0.0
2024-12-28 00:47:00,169 - INFO - Inserted FTMUSDC with price 0.8464
2024-12-28 00:47:00,198 - INFO - Updated DCRBNB with price 0.0
2024-12-28 00:47:00,358 - INFO - Inserted BTCBBTC with price 0.0
2024-12-28 00:47:00,407 - INFO - Updated USDCBNB with price 0.0
2024-12-28 00:47:00,523 - INFO - Inserted BCPTTUSD with price 0.0
2024-12-28 00:47:00,646 - INFO - Updated MITHBTC with price 0.0
2024-12-28 00:47:00,717 - INFO - Inserted BCPTPAX with price 0.0
2024-12-28 00:47:00,872 - INFO - Updated MITHBNB with price 4e-05
2024-12-28 00:47:00,906 - INFO - Inserted BCPTUSDC with price 0.0
2024-12-28 00:47:01,084 - INFO - Inserted ALGOBNB with price 0.00058
2024-12-28 00:47:01,098 - INFO - Updated BCHABCBTC with price 0.0
2024-12-28 00:47:01,266 - INFO - Inserted ALGOBTC with price 0.0
2024-12-28 00:47:01,316 - INFO - Updated BCHSVBTC with price 0.0
2024-12-28 00:47:01,443 - INFO - Updated ALGO with price 0.3354
2024-12-28 00:47:01,548 - INFO - Updated BCHABC with price 0.0
2024-12-28 00:47:01,616 - INFO - Inserted ALGOTUSD with price 0.0
2024-12-28 00:47:01,788 - INFO - Updated BCHSV with price 0.0
2024-12-28 00:47:01,797 - INFO - Inserted ALGOPAX with price 0.0
2024-12-28 00:47:01,995 - INFO - Inserted ALGOUSDC with price 0.3353
2024-12-28 00:47:02,018 - INFO - Updated BNBPAX with price 0.0
2024-12-28 00:47:02,166 - INFO - Inserted USDSB with price 0.0
2024-12-28 00:47:02,253 - INFO - Updated BTCPAX with price 0.0
2024-12-28 00:47:02,336 - INFO - Inserted USDSBUSDS with price 0.0
2024-12-28 00:47:02,468 - INFO - Updated ETHPAX with price 0.0
2024-12-28 00:47:02,526 - INFO - Inserted GTO with price 0.01233
2024-12-28 00:47:02,708 - INFO - Updated XRPPAX with price 0.0
2024-12-28 00:47:02,726 - INFO - Inserted GTOPAX with price 0.0
2024-12-28 00:47:02,917 - INFO - Inserted GTOTUSD with price 0.0
2024-12-28 00:47:02,939 - INFO - Updated EOSPAX with price 0.0
2024-12-28 00:47:03,234 - INFO - Inserted GTOUSDC with price 0.0
2024-12-28 00:47:03,332 - INFO - Updated XLMPAX with price 0.0
2024-12-28 00:47:03,743 - INFO - Inserted ERDBNB with price 0.0
2024-12-28 00:47:03,743 - INFO - Updated RENBTC with price 0.0
2024-12-28 00:47:04,227 - INFO - Inserted ERDBTC with price 0.0
2024-12-28 00:47:04,261 - INFO - Updated RENBNB with price 0.0
2024-12-28 00:47:04,686 - INFO - Inserted ERD with price 0.0
2024-12-28 00:47:04,751 - INFO - Updated BNBTUSD with price 690.8
2024-12-28 00:47:04,987 - INFO - Inserted ERDPAX with price 0.0
2024-12-28 00:47:05,024 - INFO - Updated XRPTUSD with price 2.1525
2024-12-28 00:47:05,166 - INFO - Inserted ERDUSDC with price 0.0
2024-12-28 00:47:05,258 - INFO - Updated EOSTUSD with price 0.0
2024-12-28 00:47:05,345 - INFO - Inserted DOGEBNB with price 0.0
2024-12-28 00:47:05,680 - INFO - Updated XLMTUSD with price 0.0
2024-12-28 00:47:05,769 - INFO - Inserted DOGEBTC with price 0.0
2024-12-28 00:47:06,638 - INFO - Updated BNBUSDC with price 691.33
2024-12-28 00:47:06,638 - INFO - Updated DOGE with price 0.31291
2024-12-28 00:47:07,269 - INFO - Inserted DOGEPAX with price 0.0
2024-12-28 00:47:07,291 - INFO - Updated BTCUSDC with price 94456.54
2024-12-28 00:47:07,895 - INFO - Inserted DOGEUSDC with price 0.31258
2024-12-28 00:47:07,914 - INFO - Updated ETHUSDC with price 3324.19
2024-12-28 00:47:08,068 - INFO - Inserted DUSKBNB with price 0.0
2024-12-28 00:47:08,164 - INFO - Updated XRPUSDC with price 2.1537
2024-12-28 00:47:08,247 - INFO - Inserted DUSKBTC with price 0.0
2024-12-28 00:47:08,387 - INFO - Updated EOSUSDC with price 0.7908
2024-12-28 00:47:08,435 - INFO - Inserted DUSK with price 0.2076
2024-12-28 00:47:08,607 - INFO - Updated XLMUSDC with price 0.3506
2024-12-28 00:47:08,616 - INFO - Inserted DUSKUSDC with price 0.0
2024-12-28 00:47:08,786 - INFO - Inserted DUSKPAX with price 0.0
2024-12-28 00:47:08,822 - INFO - Updated USDC with price 1.0014
2024-12-28 00:47:08,973 - INFO - Inserted BGBPUSDC with price 0.0
2024-12-28 00:47:09,056 - INFO - Updated ADATUSD with price 0.3847
2024-12-28 00:47:09,147 - INFO - Inserted ANKRBNB with price 9e-05
2024-12-28 00:47:09,287 - INFO - Updated TRXTUSD with price 0.05986
2024-12-28 00:47:09,326 - INFO - Inserted ANKRBTC with price 0.0
2024-12-28 00:47:09,506 - INFO - Inserted ANKR with price 0.0354
2024-12-28 00:47:09,528 - INFO - Updated NEOTUSD with price 0.0
2024-12-28 00:47:17,216 - INFO - MongoDB baðlantýsý baþarýyla kuruldu.
2024-12-28 00:47:17,558 - INFO - Döviz fiyatlarý baþarýyla alýndý.
2024-12-28 00:47:18,407 - INFO - Inserted TRY with rate 1.0
2024-12-28 00:47:18,598 - INFO - Inserted AED with rate 9.59693
2024-12-28 00:47:18,777 - INFO - Inserted AFN with rate 0.50201
2024-12-28 00:47:18,958 - INFO - Inserted ALL with rate 0.3727
2024-12-28 00:47:19,144 - INFO - Inserted AMD with rate 0.08876
2024-12-28 00:47:19,335 - INFO - Inserted ANG with rate 19.69667
2024-12-28 00:47:19,525 - INFO - Inserted AOA with rate 0.03802
2024-12-28 00:47:19,706 - INFO - Inserted ARS with rate 0.03426
2024-12-28 00:47:19,888 - INFO - Inserted AUD with rate 21.92982
2024-12-28 00:47:20,067 - INFO - Inserted AWG with rate 19.69667
2024-12-28 00:47:20,255 - INFO - Inserted AZN with rate 20.74689
2024-12-28 00:47:20,435 - INFO - Inserted BAM with rate 18.77934
2024-12-28 00:47:20,623 - INFO - Inserted BBD with rate 17.62736
2024-12-28 00:47:20,806 - INFO - Inserted BDT with rate 0.29495
2024-12-28 00:47:20,986 - INFO - Inserted BGN with rate 18.77934
2024-12-28 00:47:21,178 - INFO - Inserted BHD with rate 93.72071
2024-12-28 00:47:21,355 - INFO - Inserted BIF with rate 0.01191
2024-12-28 00:47:21,537 - INFO - Inserted BMD with rate 35.2485
2024-12-28 00:47:21,727 - INFO - Inserted BND with rate 25.94707
2024-12-28 00:47:21,906 - INFO - Inserted BOB with rate 5.09944
2024-12-28 00:47:22,087 - INFO - Inserted BRL with rate 5.69801
2024-12-28 00:47:22,275 - INFO - Inserted BSD with rate 35.2485
2024-12-28 00:47:22,458 - INFO - Inserted BTN with rate 0.41368
2024-12-28 00:47:22,635 - INFO - Inserted BWP with rate 2.54582
2024-12-28 00:47:22,856 - INFO - Inserted BYN with rate 10.78981
2024-12-28 00:47:23,104 - INFO - Inserted BZD with rate 17.62736
2024-12-28 00:47:23,335 - INFO - Updated CAD with rate 24.46782
2024-12-28 00:47:23,577 - INFO - Inserted CDF with rate 0.01237
2024-12-28 00:47:23,816 - INFO - Updated CHF with rate 39.21569
2024-12-28 00:47:24,017 - INFO - Inserted CLP with rate 0.03563
2024-12-28 00:47:24,257 - INFO - Inserted CNY with rate 4.82859
2024-12-28 00:47:24,513 - INFO - Inserted COP with rate 0.008
2024-12-28 00:47:24,738 - INFO - Inserted CRC with rate 0.06971
2024-12-28 00:47:24,978 - INFO - Inserted CUP with rate 1.46886
2024-12-28 00:47:25,217 - INFO - Inserted CVE with rate 0.3331
2024-12-28 00:47:25,457 - INFO - Inserted CZK with rate 1.46113
2024-12-28 00:47:25,697 - INFO - Inserted DJF with rate 0.19837
2024-12-28 00:47:25,878 - INFO - Inserted DKK with rate 4.92368
2024-12-28 00:47:26,056 - INFO - Inserted DOP with rate 0.58045
2024-12-28 00:47:26,245 - INFO - Inserted DZD with rate 0.26043
2024-12-28 00:47:26,437 - INFO - Inserted EGP with rate 0.69281
2024-12-28 00:47:26,625 - INFO - Inserted ERN with rate 2.35018
2024-12-28 00:47:26,806 - INFO - Inserted ETB with rate 0.27643
2024-12-28 00:47:26,986 - INFO - Updated EUR with rate 36.7242
2024-12-28 00:47:27,167 - INFO - Inserted FJD with rate 15.18834
2024-12-28 00:47:27,345 - INFO - Inserted FKP with rate 44.16961
2024-12-28 00:47:27,545 - INFO - Inserted FOK with rate 4.92126
2024-12-28 00:47:27,736 - INFO - Updated GBP with rate 44.16961
2024-12-28 00:47:27,906 - INFO - Inserted GEL with rate 12.58336
2024-12-28 00:47:28,086 - INFO - Inserted GGP with rate 44.16961
2024-12-28 00:47:28,265 - INFO - Inserted GHS with rate 2.35738
2024-12-28 00:47:28,434 - INFO - Inserted GIP with rate 44.16961
2024-12-28 00:47:28,623 - INFO - Inserted GMD with rate 0.48586
2024-12-28 00:47:28,806 - INFO - Inserted GNF with rate 0.0041
2024-12-28 00:47:28,996 - INFO - Inserted GTQ with rate 4.58085
2024-12-28 00:47:29,176 - INFO - Inserted GYD with rate 0.16867
2024-12-28 00:47:29,355 - INFO - Inserted HKD with rate 4.53721
2024-12-28 00:47:29,537 - INFO - Inserted HNL with rate 1.38927
2024-12-28 00:47:29,716 - INFO - Inserted HRK with rate 4.87567
2024-12-28 00:47:29,904 - INFO - Inserted HTG with rate 0.27001
2024-12-28 00:47:30,088 - INFO - Inserted HUF with rate 0.08942
2024-12-28 00:47:30,256 - INFO - Inserted IDR with rate 0.00218
2024-12-28 00:47:30,437 - INFO - Inserted ILS with rate 9.62464
2024-12-28 00:47:30,619 - INFO - Inserted IMP with rate 44.16961
2024-12-28 00:47:30,807 - INFO - Updated INR with rate 0.41368
2024-12-28 00:47:30,986 - INFO - Inserted IQD with rate 0.02691
2024-12-28 00:47:31,168 - INFO - Inserted IRR with rate 0.00082
2024-12-28 00:47:31,366 - INFO - Inserted ISK with rate 0.25242
2024-12-28 00:47:31,548 - INFO - Inserted JEP with rate 44.16961
2024-12-28 00:47:31,734 - INFO - Inserted JMD with rate 0.22649
2024-12-28 00:47:31,927 - INFO - Inserted JOD with rate 49.7265
2024-12-28 00:47:32,107 - INFO - Updated JPY with rate 0.22355
2024-12-28 00:47:32,285 - INFO - Inserted KES with rate 0.27283
2024-12-28 00:47:32,466 - INFO - Inserted KGS with rate 0.40556
2024-12-28 00:47:32,652 - INFO - Inserted KHR with rate 0.00882
2024-12-28 00:47:32,855 - INFO - Inserted KID with rate 21.92982
2024-12-28 00:47:33,096 - INFO - Inserted KMF with rate 0.07466
2024-12-28 00:47:33,336 - INFO - Inserted KRW with rate 0.02408
2024-12-28 00:47:33,576 - INFO - Inserted KWD with rate 114.42957
2024-12-28 00:47:33,816 - INFO - Inserted KYD with rate 42.30118
2024-12-28 00:47:34,056 - INFO - Inserted KZT with rate 0.0683
2024-12-28 00:47:34,297 - INFO - Inserted LAK with rate 0.00161
2024-12-28 00:47:34,536 - INFO - Inserted LBP with rate 0.00039
2024-12-28 00:47:34,776 - INFO - Inserted LKR with rate 0.11993
2024-12-28 00:47:35,018 - INFO - Inserted LRD with rate 0.19418
2024-12-28 00:47:35,255 - INFO - Inserted LSL with rate 1.87336
2024-12-28 00:47:35,496 - INFO - Inserted LYD with rate 7.1736
2024-12-28 00:47:35,732 - INFO - Inserted MAD with rate 3.50754
2024-12-28 00:47:35,916 - INFO - Inserted MDL with rate 1.91608
2024-12-28 00:47:36,113 - INFO - Inserted MGA with rate 0.00744
2024-12-28 00:47:36,314 - INFO - Inserted MKD with rate 0.59891
2024-12-28 00:47:36,486 - INFO - Inserted MMK with rate 0.01682
2024-12-28 00:47:36,677 - INFO - Inserted MNT with rate 0.01035
2024-12-28 00:47:36,856 - INFO - Inserted MOP with rate 4.40335
2024-12-28 00:47:37,036 - INFO - Inserted MRU with rate 0.88044
2024-12-28 00:47:37,223 - INFO - Inserted MUR with rate 0.75109
2024-12-28 00:47:37,407 - INFO - Inserted MVR with rate 2.28311
2024-12-28 00:47:37,603 - INFO - Inserted MWK with rate 0.02028
2024-12-28 00:47:37,794 - INFO - Inserted MXN with rate 1.74459
2024-12-28 00:47:37,975 - INFO - Inserted MYR with rate 7.88022
2024-12-28 00:47:38,156 - INFO - Inserted MZN with rate 0.55261
2024-12-28 00:47:38,335 - INFO - Inserted NAD with rate 1.87336
2024-12-28 00:47:38,516 - INFO - Inserted NGN with rate 0.02286
2024-12-28 00:47:38,706 - INFO - Inserted NIO with rate 0.95905
2024-12-28 00:47:38,908 - INFO - Updated NOK with rate 3.09502
2024-12-28 00:47:39,086 - INFO - Inserted NPR with rate 0.25856
2024-12-28 00:47:39,266 - INFO - Inserted NZD with rate 19.82947
2024-12-28 00:47:39,446 - INFO - Inserted OMR with rate 91.65903
2024-12-28 00:47:39,637 - INFO - Inserted PAB with rate 35.2485
2024-12-28 00:47:39,829 - INFO - Inserted PEN with rate 9.4518
2024-12-28 00:47:40,007 - INFO - Inserted PGK with rate 8.74126
2024-12-28 00:47:40,186 - INFO - Inserted PHP with rate 0.60716
2024-12-28 00:47:40,366 - INFO - Inserted PKR with rate 0.12672
2024-12-28 00:47:40,550 - INFO - Inserted PLN with rate 8.61326
2024-12-28 00:47:40,735 - INFO - Inserted PYG with rate 0.00456
2024-12-28 00:47:40,915 - INFO - Inserted QAR with rate 9.68054
2024-12-28 00:47:41,096 - INFO - Inserted RON with rate 7.3692
2024-12-28 00:47:41,284 - INFO - Inserted RSD with rate 0.31358
2024-12-28 00:47:41,476 - INFO - Updated RUB with rate 0.35286
2024-12-28 00:47:41,665 - INFO - Inserted RWF with rate 0.02533
2024-12-28 00:47:41,857 - INFO - Updated SAR with rate 9.3985
2024-12-28 00:47:42,056 - INFO - Inserted SBD with rate 4.17885
2024-12-28 00:47:42,237 - INFO - Inserted SCR with rate 2.42014
2024-12-28 00:47:42,416 - INFO - Inserted SDG with rate 0.0789
2024-12-28 00:47:42,595 - INFO - Inserted SEK with rate 3.18878
2024-12-28 00:47:42,777 - INFO - Inserted SGD with rate 25.94707
2024-12-28 00:47:42,956 - INFO - Inserted SHP with rate 44.16961
2024-12-28 00:47:43,140 - INFO - Inserted SLE with rate 1.54083
2024-12-28 00:47:43,314 - INFO - Inserted SLL with rate 0.00154
2024-12-28 00:47:43,496 - INFO - Inserted SOS with rate 0.06172
2024-12-28 00:47:43,674 - INFO - Inserted SRD with rate 1.00392
2024-12-28 00:47:43,863 - INFO - Inserted SSP with rate 0.009
2024-12-28 00:47:44,055 - INFO - Inserted STN with rate 1.49903
2024-12-28 00:47:44,235 - INFO - Inserted SYP with rate 0.00273
2024-12-28 00:47:44,416 - INFO - Inserted SZL with rate 1.87336
2024-12-28 00:47:44,596 - INFO - Inserted THB with rate 1.03093
2024-12-28 00:47:44,786 - INFO - Inserted TJS with rate 3.22789
2024-12-28 00:47:44,965 - INFO - Inserted TMT with rate 10.07049
2024-12-28 00:47:45,145 - INFO - Inserted TND with rate 11.07542
2024-12-28 00:47:45,343 - INFO - Inserted TOP with rate 14.73405
2024-12-28 00:47:45,528 - INFO - Inserted TTD with rate 5.20021
2024-12-28 00:47:45,709 - INFO - Inserted TVD with rate 21.92982
2024-12-28 00:47:45,905 - INFO - Inserted TWD with rate 1.07631
2024-12-28 00:47:46,106 - INFO - Inserted TZS with rate 0.01452
2024-12-28 00:47:46,304 - INFO - Inserted UAH with rate 0.84296
2024-12-28 00:47:46,484 - INFO - Inserted UGX with rate 0.00961
2024-12-28 00:47:46,665 - INFO - Updated USD with rate 35.2485
2024-12-28 00:47:46,854 - INFO - Inserted UYU with rate 0.79917
2024-12-28 00:47:47,041 - INFO - Inserted UZS with rate 0.00274
2024-12-28 00:47:47,243 - INFO - Inserted VES with rate 0.67875
2024-12-28 00:47:47,425 - INFO - Inserted VND with rate 0.00138
2024-12-28 00:47:47,605 - INFO - Inserted VUV with rate 0.29154
2024-12-28 00:47:47,784 - INFO - Inserted WST with rate 12.57862
2024-12-28 00:47:47,965 - INFO - Inserted XAF with rate 0.05599
2024-12-28 00:47:48,149 - INFO - Inserted XCD with rate 13.05653
2024-12-28 00:47:48,334 - INFO - Inserted XDR with rate 45.95588
2024-12-28 00:47:48,523 - INFO - Inserted XOF with rate 0.05599
2024-12-28 00:47:48,695 - INFO - Inserted XPF with rate 0.30779
2024-12-28 00:47:48,902 - INFO - Inserted YER with rate 0.14131
2024-12-28 00:47:49,086 - INFO - Inserted ZAR with rate 1.87336
2024-12-28 00:47:49,256 - INFO - Inserted ZMW with rate 1.26855
2024-12-28 00:47:49,443 - INFO - Inserted ZWL with rate 1.36799
2024-12-28 00:51:03,478 - INFO - MongoDB baðlantýsý baþarýyla kuruldu.
2024-12-28 00:51:04,069 - INFO - Kripto para fiyatlarý baþarýyla alýndý.
2024-12-28 00:51:04,802 - INFO - Inserted ETHBTC with price 0.03519
2024-12-28 00:51:05,008 - INFO - Inserted LTCBTC with price 0.00108
2024-12-28 00:51:05,200 - INFO - Inserted BNBBTC with price 0.00732
2024-12-28 00:51:05,384 - INFO - Inserted NEOBTC with price 0.00015
2024-12-28 00:51:05,566 - INFO - Inserted QTUMETH with price 0.00094
2024-12-28 00:51:05,760 - INFO - Inserted EOSETH with price 0.00024
2024-12-28 00:51:05,956 - INFO - Inserted SNTETH with price 1e-05
2024-12-28 00:51:06,151 - INFO - Inserted BNTETH with price 0.0002
2024-12-28 00:51:06,333 - INFO - Inserted BCCBTC with price 0.0
2024-12-28 00:51:06,513 - INFO - Inserted GASBTC with price 5e-05
2024-12-28 00:51:06,710 - INFO - Inserted BNBETH with price 0.2078
2024-12-28 00:51:06,893 - INFO - Inserted BTC with price 94472.33
2024-12-28 00:51:07,074 - INFO - Inserted ETH with price 3324.14
2024-12-28 00:51:07,255 - INFO - Inserted HSRBTC with price 0.0
2024-12-28 00:51:07,460 - INFO - Inserted OAXETH with price 0.0
2024-12-28 00:51:07,690 - INFO - Inserted DNTETH with price 0.0
2024-12-28 00:51:07,873 - INFO - Inserted MCOETH with price 0.0
2024-12-28 00:51:08,060 - INFO - Inserted ICNETH with price 0.0
2024-12-28 00:51:08,233 - INFO - Inserted MCOBTC with price 0.0
2024-12-28 00:51:08,423 - INFO - Inserted WTCBTC with price 0.0
2024-12-28 00:51:08,603 - INFO - Inserted WTCETH with price 0.0
2024-12-28 00:51:08,781 - INFO - Inserted LRCBTC with price 0.0
2024-12-28 00:51:08,962 - INFO - Inserted LRCETH with price 6e-05
2024-12-28 00:51:09,139 - INFO - Inserted QTUMBTC with price 3e-05
2024-12-28 00:51:09,323 - INFO - Inserted YOYOBTC with price 0.0
2024-12-28 00:51:09,502 - INFO - Inserted OMGBTC with price 3e-05
2024-12-28 00:51:09,693 - INFO - Inserted OMGETH with price 0.00079
2024-12-28 00:51:09,892 - INFO - Inserted ZRXBTC with price 1e-05
2024-12-28 00:51:10,071 - INFO - Inserted ZRXETH with price 0.0001
2024-12-28 00:51:10,252 - INFO - Inserted STRATBTC with price 0.0
2024-12-28 00:51:10,434 - INFO - Inserted STRATETH with price 0.0
2024-12-28 00:51:10,613 - INFO - Inserted SNGLSBTC with price 0.0
2024-12-28 00:51:10,791 - INFO - Inserted SNGLSETH with price 0.0
2024-12-28 00:51:10,980 - INFO - Inserted BQXBTC with price 0.0
2024-12-28 00:51:11,161 - INFO - Inserted BQXETH with price 0.0
2024-12-28 00:51:11,368 - INFO - Inserted KNCBTC with price 1e-05
2024-12-28 00:51:11,556 - INFO - Inserted KNCETH with price 0.00039
2024-12-28 00:51:11,741 - INFO - Inserted FUNBTC with price 0.0
2024-12-28 00:51:11,944 - INFO - Inserted FUNETH with price 0.0
2024-12-28 00:51:12,131 - INFO - Inserted SNMBTC with price 0.0
2024-12-28 00:51:12,302 - INFO - Inserted SNMETH with price 0.0
2024-12-28 00:51:12,489 - INFO - Inserted NEOETH with price 0.00477
2024-12-28 00:51:12,693 - INFO - Inserted IOTABTC with price 0.0
2024-12-28 00:51:12,932 - INFO - Inserted IOTAETH with price 9e-05
2024-12-28 00:51:13,180 - INFO - Inserted LINKBTC with price 0.00023
2024-12-28 00:51:13,412 - INFO - Inserted LINKETH with price 0.00659
2024-12-28 00:51:13,661 - INFO - Inserted XVGBTC with price 0.0
2024-12-28 00:51:13,893 - INFO - Inserted XVGETH with price 0.0
2024-12-28 00:51:14,141 - INFO - Inserted SALTBTC with price 0.0
2024-12-28 00:51:14,386 - INFO - Inserted SALTETH with price 0.0
2024-12-28 00:51:14,591 - INFO - Inserted MDABTC with price 0.0
2024-12-28 00:51:14,783 - INFO - Inserted MDAETH with price 0.0
2024-12-28 00:51:14,997 - INFO - Inserted MTLBTC with price 1e-05
2024-12-28 00:51:15,184 - INFO - Inserted MTLETH with price 0.00068
2024-12-28 00:51:15,371 - INFO - Inserted SUBBTC with price 0.0
2024-12-28 00:51:15,553 - INFO - Inserted SUBETH with price 0.0
2024-12-28 00:51:15,735 - INFO - Inserted EOSBTC with price 1e-05
2024-12-28 00:51:15,931 - INFO - Inserted SNTBTC with price 0.0
2024-12-28 00:51:16,127 - INFO - Inserted ETCETH with price 0.00783
2024-12-28 00:51:16,314 - INFO - Inserted ETCBTC with price 0.00028
2024-12-28 00:51:16,504 - INFO - Inserted MTHBTC with price 0.0
2024-12-28 00:51:16,680 - INFO - Inserted MTHETH with price 0.0
2024-12-28 00:51:16,872 - INFO - Inserted ENGBTC with price 0.0
2024-12-28 00:51:17,051 - INFO - Inserted ENGETH with price 0.0
2024-12-28 00:51:17,231 - INFO - Inserted DNTBTC with price 0.0
2024-12-28 00:51:17,420 - INFO - Inserted ZECBTC with price 0.00066
2024-12-28 00:51:17,600 - INFO - Inserted ZECETH with price 0.01872
2024-12-28 00:51:17,771 - INFO - Inserted BNTBTC with price 1e-05
2024-12-28 00:51:17,952 - INFO - Inserted ASTBTC with price 0.0
2024-12-28 00:51:18,156 - INFO - Inserted ASTETH with price 0.0
2024-12-28 00:51:18,351 - INFO - Inserted DASHBTC with price 0.00042
2024-12-28 00:51:18,533 - INFO - Inserted DASHETH with price 0.01194
2024-12-28 00:51:18,720 - INFO - Inserted OAXBTC with price 0.0
2024-12-28 00:51:18,915 - INFO - Inserted ICNBTC with price 0.0
2024-12-28 00:53:53,500 - INFO - MongoDB baðlantýsý baþarýyla kuruldu.
2024-12-28 00:53:53,846 - INFO - Döviz fiyatlarý baþarýyla alýndý.
2024-12-28 00:55:24,070 - INFO - MongoDB baðlantýsý baþarýyla kuruldu.
2024-12-28 00:55:24,577 - INFO - Kripto para fiyatlarý baþarýyla alýndý.
2024-12-28 01:11:02,908 - INFO - MongoDB baðlantýsý baþarýyla kuruldu.
2024-12-28 01:11:03,170 - INFO - Döviz fiyatlarý baþarýyla alýndý.
2024-12-28 01:11:46,141 - INFO - MongoDB baðlantýsý baþarýyla kuruldu.
2024-12-28 01:11:46,662 - INFO - Kripto para fiyatlarý baþarýyla alýndý.
